3.9189 	ERROR 	Support for the `sounddevice` audio backend is not available this session. Please install `psychopy-sounddevice` and restart the session to enable support.
11.3611 	INFO 	Loaded monitor calibration from ['2023_07_08 10:12']
11.3725 	WARNING 	User requested fullscreen with size [1536  864], but screen is actually [1920, 1200]. Using actual size
12.2881 	EXP 	Created window1 = Window(allowGUI=True, allowStencil=False, autoLog=True, backendConf=UNKNOWN, backgroundFit=<method-wrapper '__getattribute__' of attributeSetter object at 0x7fb2cfe10ee0>, backgroundImage=<method-wrapper '__getattribute__' of attributeSetter object at 0x7fb2cfe10e80>, bitsMode=UNKNOWN, blendMode='avg', bpc=(8, 8, 8), color=array([1., 1., 1.]), colorSpace='rgb', depthBits=8, fullscr=<method-wrapper '__getattribute__' of attributeSetter object at 0x7fb2cfe10d00>, gamma=None, gammaErrorPolicy='raise', lms=UNKNOWN, monitor=<psychopy.monitors.calibTools.Monitor object at 0x7fb2d1db5100>, multiSample=False, name='window1', numSamples=2, pos=[0.0, 0.0], screen=0, size=array([1920, 1200]), stencilBits=0, stereo=False, units='height', useFBO=True, useRetina=False, viewOri=0.0, viewPos=None, viewScale=None, waitBlanking=True, winType='pyglet')
12.2883 	EXP 	window1: mouseVisible = True
12.2883 	EXP 	window1: backgroundImage = ''
12.2883 	EXP 	window1: backgroundFit = 'none'
12.2894 	EXP 	window1: mouseVisible = False
12.2894 	EXP 	window1: Attempting to measure frame rate of screen (0) ...
12.2894 	EXP 	window1: recordFrameIntervals = False
12.4540 	EXP 	window1: recordFrameIntervals = True
12.6377 	EXP 	Screen (0) actual frame rate measured at 59.93Hz
12.6377 	EXP 	window1: recordFrameIntervals = False
15.5749 	INFO 	keyboard.Keyboard is using iohub backend.
16.2948 	EXP 	Created text_2 = TextStim(__class__=<class 'psychopy.visual.text.TextStim'>, alignHoriz=method-wrapper(...), alignText='center', alignVert=method-wrapper(...), anchorHoriz='center', anchorVert='center', antialias=True, autoDraw=False, autoLog=True, bold=False, color=array([-1., -1., -1.]), colorSpace='rgb', contrast=1.0, depth=0.0, flipHoriz=False, flipVert=False, font='Open Sans', fontFiles=[], height=0.05, italic=False, languageStyle='LTR', name='text_2', opacity=1.0, ori=0.0, pos=array([0., 0.]), rgb=UNKNOWN, text=str(...), units='height', win=Window(...), wrapWidth=1)
16.2949 	INFO 	keyboard.Keyboard is using iohub backend.
16.3410 	EXP 	Created practice_txt = TextStim(__class__=<class 'psychopy.visual.text.TextStim'>, alignHoriz=method-wrapper(...), alignText='center', alignVert=method-wrapper(...), anchorHoriz='center', anchorVert='center', antialias=True, autoDraw=False, autoLog=True, bold=False, color=array([-1., -1., -1.]), colorSpace='rgb', contrast=1.0, depth=0.0, flipHoriz=False, flipVert=False, font='Open Sans', fontFiles=[], height=0.07, italic=False, languageStyle='LTR', name='practice_txt', opacity=1.0, ori=0.0, pos=array([0., 0.]), rgb=UNKNOWN, text=str(...), units='height', win=Window(...), wrapWidth=1)
16.3411 	INFO 	keyboard.Keyboard is using iohub backend.
16.3431 	EXP 	Created pond_label = TextStim(__class__=<class 'psychopy.visual.text.TextStim'>, alignHoriz=method-wrapper(...), alignText='center', alignVert=method-wrapper(...), anchorHoriz='center', anchorVert='center', antialias=True, autoDraw=False, autoLog=True, bold=False, color=array([-1., -1., -1.]), colorSpace='rgb', contrast=1.0, depth=-1.0, flipHoriz=False, flipVert=False, font='Open Sans', fontFiles=[], height=0.1, italic=False, languageStyle='LTR', name='pond_label', opacity=1.0, ori=0.0, pos=array([ 0. , -0.1]), rgb=UNKNOWN, text='', units='height', win=Window(...), wrapWidth=1)
16.4128 	EXP 	Created jars = ImageStim(__class__=<class 'psychopy.visual.image.ImageStim'>, anchor=('center', 'center'), autoLog=True, color=array([1., 1., 1.]), colorSpace='rgb', contrast=1.0, depth=-2.0, flipHoriz=False, flipVert=False, image='stimuli/jars.PNG', interpolate=False, mask=None, maskParams=None, name='jars', opacity=1.0, ori=0.0, pos=array([0.  , 0.25]), size=array([1. , 0.5]), texRes=128.0, units='height', win=Window(...))
16.4337 	EXP 	Created arrow = ImageStim(__class__=<class 'psychopy.visual.image.ImageStim'>, anchor=('center', 'center'), autoLog=True, color=array([1., 1., 1.]), colorSpace='rgb', contrast=1.0, depth=-3.0, flipHoriz=False, flipVert=False, image='stimuli/arrow.png', interpolate=True, mask=None, maskParams=None, name='arrow', opacity=1.0, ori=0.0, pos=array([ 0.5, -0.3]), size=array([0.2, 0.2]), texRes=128.0, units='height', win=Window(...))
16.4572 	EXP 	Created boy = ImageStim(__class__=<class 'psychopy.visual.image.ImageStim'>, anchor=('center', 'center'), autoLog=True, color=array([1., 1., 1.]), colorSpace='rgb', contrast=1.0, depth=-4.0, flipHoriz=False, flipVert=False, image='stimuli/clear-jar.PNG', interpolate=True, mask=None, maskParams=None, name='boy', opacity=1.0, ori=0.0, pos=array([ 0.75, -0.3 ]), size=array([0.2, 0.2]), texRes=128.0, units='height', win=Window(...))
16.4770 	EXP 	Created F1 = ImageStim(__class__=<class 'psychopy.visual.image.ImageStim'>, anchor=('center', 'center'), autoLog=True, color=array([1., 1., 1.]), colorSpace='rgb', contrast=1.0, depth=-5.0, flipHoriz=False, flipVert=False, image='default.png', interpolate=True, mask=None, maskParams=None, name='F1', opacity=1.0, ori=0.0, pos=array([ 0.2, -0.3]), size=array([0.15, 0.15]), texRes=128.0, units='height', win=Window(...))
16.4943 	EXP 	Created F2 = ImageStim(__class__=<class 'psychopy.visual.image.ImageStim'>, anchor=('center', 'center'), autoLog=True, color=array([1., 1., 1.]), colorSpace='rgb', contrast=1.0, depth=-6.0, flipHoriz=False, flipVert=False, image='default.png', interpolate=True, mask=None, maskParams=None, name='F2', opacity=1.0, ori=0.0, pos=array([ 0. , -0.3]), size=array([0.15, 0.15]), texRes=128.0, units='height', win=Window(...))
16.5114 	EXP 	Created F3 = ImageStim(__class__=<class 'psychopy.visual.image.ImageStim'>, anchor=('center', 'center'), autoLog=True, color=array([1., 1., 1.]), colorSpace='rgb', contrast=1.0, depth=-7.0, flipHoriz=False, flipVert=False, image='default.png', interpolate=True, mask=None, maskParams=None, name='F3', opacity=1.0, ori=0.0, pos=array([-0.2, -0.3]), size=array([0.15, 0.15]), texRes=128.0, units='height', win=Window(...))
16.5300 	EXP 	Created F4 = ImageStim(__class__=<class 'psychopy.visual.image.ImageStim'>, anchor=('center', 'center'), autoLog=True, color=array([1., 1., 1.]), colorSpace='rgb', contrast=1.0, depth=-8.0, flipHoriz=False, flipVert=False, image='default.png', interpolate=True, mask=None, maskParams=None, name='F4', opacity=1.0, ori=0.0, pos=array([-0.4, -0.3]), size=array([0.15, 0.15]), texRes=128.0, units='height', win=Window(...))
16.5471 	EXP 	Created F5 = ImageStim(__class__=<class 'psychopy.visual.image.ImageStim'>, anchor=('center', 'center'), autoLog=True, color=array([1., 1., 1.]), colorSpace='rgb', contrast=1.0, depth=-9.0, flipHoriz=False, flipVert=False, image='default.png', interpolate=True, mask=None, maskParams=None, name='F5', opacity=1.0, ori=0.0, pos=array([-0.6, -0.3]), size=array([0.15, 0.15]), texRes=128.0, units='height', win=Window(...))
16.5523 	EXP 	Created box_outline = Rect(__class__=<class 'psychopy.visual.rect.Rect'>, anchor=('center', 'center'), autoDraw=False, autoLog=True, closeShape=True, color=method-wrapper(...), colorSpace='rgb', contrast=None, depth=-10.0, fillColor=array([0, 0, 0]), fillColorSpace='rgb', fillRGB=array([0, 0, 0]), interpolate=True, lineColor=array([-1., -1., -1.]), lineColorSpace='rgb', lineRGB=array([-1, -1, -1]), lineWidth=5.0, name='box_outline', opacity=0.5, ori=0.0, pos=array([ 0.2, -0.3]), size=array([0.2, 0.2]), units='height', vertices=ndarray(...), win=Window(...))
16.5545 	EXP 	Created box_show = Rect(__class__=<class 'psychopy.visual.rect.Rect'>, anchor=('center', 'center'), autoDraw=False, autoLog=True, closeShape=True, color=method-wrapper(...), colorSpace='rgb', contrast=None, depth=-11.0, fillColor=array([-1, -1, -1]), fillColorSpace='rgb', fillRGB=array([-1, -1, -1]), interpolate=True, lineColor=array([-1., -1., -1.]), lineColorSpace='rgb', lineRGB=array([-1, -1, -1]), lineWidth=5.0, name='box_show', opacity=1.0, ori=0.0, pos=array([ 0.2, -0.3]), size=array([0.2, 0.2]), units='height', vertices=ndarray(...), win=Window(...))
16.5546 	INFO 	keyboard.Keyboard is using iohub backend.
16.6112 	EXP 	Created jars2 = ImageStim(__class__=<class 'psychopy.visual.image.ImageStim'>, anchor=('center', 'center'), autoLog=True, color=array([1., 1., 1.]), colorSpace='rgb', contrast=1.0, depth=-1.0, flipHoriz=False, flipVert=False, image='stimuli/jars.PNG', interpolate=False, mask=None, maskParams=None, name='jars2', opacity=1.0, ori=0.0, pos=array([0.  , 0.25]), size=array([1. , 0.5]), texRes=128.0, units='height', win=Window(...))
16.6283 	EXP 	Created arrow2 = ImageStim(__class__=<class 'psychopy.visual.image.ImageStim'>, anchor=('center', 'center'), autoLog=True, color=array([1., 1., 1.]), colorSpace='rgb', contrast=1.0, depth=-2.0, flipHoriz=False, flipVert=False, image='stimuli/arrow.png', interpolate=True, mask=None, maskParams=None, name='arrow2', opacity=1.0, ori=0.0, pos=array([ 0.5, -0.3]), size=array([0.2, 0.2]), texRes=128.0, units='height', win=Window(...))
16.6500 	EXP 	Created boy2 = ImageStim(__class__=<class 'psychopy.visual.image.ImageStim'>, anchor=('center', 'center'), autoLog=True, color=array([1., 1., 1.]), colorSpace='rgb', contrast=1.0, depth=-3.0, flipHoriz=False, flipVert=False, image='stimuli/clear-jar.PNG', interpolate=True, mask=None, maskParams=None, name='boy2', opacity=1.0, ori=0.0, pos=array([ 0.75, -0.3 ]), size=array([0.2, 0.2]), texRes=128.0, units='height', win=Window(...))
16.6677 	EXP 	Created f1 = ImageStim(__class__=<class 'psychopy.visual.image.ImageStim'>, anchor=('center', 'center'), autoLog=True, color=array([1., 1., 1.]), colorSpace='rgb', contrast=1.0, depth=-4.0, flipHoriz=False, flipVert=False, image='default.png', interpolate=True, mask=None, maskParams=None, name='f1', opacity=1.0, ori=0.0, pos=array([ 0.2, -0.3]), size=array([0.15, 0.15]), texRes=128.0, units='height', win=Window(...))
16.6848 	EXP 	Created f2 = ImageStim(__class__=<class 'psychopy.visual.image.ImageStim'>, anchor=('center', 'center'), autoLog=True, color=array([1., 1., 1.]), colorSpace='rgb', contrast=1.0, depth=-5.0, flipHoriz=False, flipVert=False, image='default.png', interpolate=True, mask=None, maskParams=None, name='f2', opacity=1.0, ori=0.0, pos=array([ 0. , -0.3]), size=array([0.15, 0.15]), texRes=128.0, units='height', win=Window(...))
16.7020 	EXP 	Created f3 = ImageStim(__class__=<class 'psychopy.visual.image.ImageStim'>, anchor=('center', 'center'), autoLog=True, color=array([1., 1., 1.]), colorSpace='rgb', contrast=1.0, depth=-6.0, flipHoriz=False, flipVert=False, image='default.png', interpolate=True, mask=None, maskParams=None, name='f3', opacity=1.0, ori=0.0, pos=array([-0.2, -0.3]), size=array([0.15, 0.15]), texRes=128.0, units='height', win=Window(...))
16.7206 	EXP 	Created f4 = ImageStim(__class__=<class 'psychopy.visual.image.ImageStim'>, anchor=('center', 'center'), autoLog=True, color=array([1., 1., 1.]), colorSpace='rgb', contrast=1.0, depth=-7.0, flipHoriz=False, flipVert=False, image='default.png', interpolate=True, mask=None, maskParams=None, name='f4', opacity=1.0, ori=0.0, pos=array([-0.4, -0.3]), size=array([0.15, 0.15]), texRes=128.0, units='height', win=Window(...))
16.7379 	EXP 	Created f5 = ImageStim(__class__=<class 'psychopy.visual.image.ImageStim'>, anchor=('center', 'center'), autoLog=True, color=array([1., 1., 1.]), colorSpace='rgb', contrast=1.0, depth=-8.0, flipHoriz=False, flipVert=False, image='default.png', interpolate=True, mask=None, maskParams=None, name='f5', opacity=1.0, ori=0.0, pos=array([-0.6, -0.3]), size=array([0.15, 0.15]), texRes=128.0, units='height', win=Window(...))
16.7402 	EXP 	Created boxB = Rect(__class__=<class 'psychopy.visual.rect.Rect'>, anchor=('center', 'center'), autoDraw=False, autoLog=True, closeShape=True, color=method-wrapper(...), colorSpace='rgb', contrast=None, depth=-9.0, fillColor=array([0, 0, 0]), fillColorSpace='rgb', fillRGB=array([0, 0, 0]), interpolate=True, lineColor=array([0., 0., 0.]), lineColorSpace='rgb', lineRGB=array([0, 0, 0]), lineWidth=5.0, name='boxB', opacity=0.0, ori=0.0, pos=array([-0.32,  0.25]), size=array([0.3 , 0.45]), units='height', vertices=ndarray(...), win=Window(...))
16.7423 	EXP 	Created boxY = Rect(__class__=<class 'psychopy.visual.rect.Rect'>, anchor=('center', 'center'), autoDraw=False, autoLog=True, closeShape=True, color=method-wrapper(...), colorSpace='rgb', contrast=None, depth=-10.0, fillColor=array([0, 0, 0]), fillColorSpace='rgb', fillRGB=array([0, 0, 0]), interpolate=True, lineColor=array([0., 0., 0.]), lineColorSpace='rgb', lineRGB=array([0, 0, 0]), lineWidth=5.0, name='boxY', opacity=0.0, ori=0.0, pos=array([0.  , 0.25]), size=array([0.3 , 0.45]), units='height', vertices=ndarray(...), win=Window(...))
16.7443 	EXP 	Created boxG = Rect(__class__=<class 'psychopy.visual.rect.Rect'>, anchor=('center', 'center'), autoDraw=False, autoLog=True, closeShape=True, color=method-wrapper(...), colorSpace='rgb', contrast=None, depth=-11.0, fillColor=array([0, 0, 0]), fillColorSpace='rgb', fillRGB=array([0, 0, 0]), interpolate=True, lineColor=array([0., 0., 0.]), lineColorSpace='rgb', lineRGB=array([0, 0, 0]), lineWidth=5.0, name='boxG', opacity=0.0, ori=0.0, pos=array([0.32, 0.25]), size=array([0.3 , 0.45]), units='height', vertices=ndarray(...), win=Window(...))
16.7464 	EXP 	Created box_outline2 = Rect(__class__=<class 'psychopy.visual.rect.Rect'>, anchor=('center', 'center'), autoDraw=False, autoLog=True, closeShape=True, color=method-wrapper(...), colorSpace='rgb', contrast=None, depth=-12.0, fillColor=array([-1, -1, -1]), fillColorSpace='rgb', fillRGB=array([-1, -1, -1]), interpolate=True, lineColor=array([-1., -1., -1.]), lineColorSpace='rgb', lineRGB=array([-1, -1, -1]), lineWidth=5.0, name='box_outline2', opacity=1.0, ori=0.0, pos=array([ 0.2, -0.3]), size=array([0.2, 0.2]), units='height', vertices=ndarray(...), win=Window(...))
16.7602 	EXP 	Created breakStart_txt = TextStim(__class__=<class 'psychopy.visual.text.TextStim'>, alignHoriz=method-wrapper(...), alignText='center', alignVert=method-wrapper(...), anchorHoriz='center', anchorVert='center', antialias=True, autoDraw=False, autoLog=True, bold=False, color=array([-1., -1., -1.]), colorSpace='rgb', contrast=1.0, depth=-1.0, flipHoriz=False, flipVert=False, font='Open Sans', fontFiles=[], height=0.07, italic=False, languageStyle='LTR', name='breakStart_txt', opacity=1.0, ori=0.0, pos=array([0., 0.]), rgb=UNKNOWN, text='End of the day.\n\nNew day starts soon.', units='height', win=Window(...), wrapWidth=1)
16.7668 	EXP 	Created reward_txt = TextStim(__class__=<class 'psychopy.visual.text.TextStim'>, alignHoriz=method-wrapper(...), alignText='center', alignVert=method-wrapper(...), anchorHoriz='center', anchorVert='center', antialias=True, autoDraw=False, autoLog=True, bold=False, color=array([-1., -1., -1.]), colorSpace='rgb', contrast=1.0, depth=0.0, flipHoriz=False, flipVert=False, font='Open Sans', fontFiles=[], height=0.07, italic=False, languageStyle='LTR', name='reward_txt', opacity=1.0, ori=0.0, pos=array([0., 0.]), rgb=UNKNOWN, text='Thank you!', units='height', win=Window(...), wrapWidth=1)
16.8022 	EXP 	movie: autoLog = True
16.8022 	EXP 	movie: autoDraw = True
75.7459 	DATA 	Keypress: lcommand
75.9127 	DATA 	Keypress: f
76.4163 	DATA 	Keypress: d
76.4806 	DATA 	Keypress: o
76.5970 	DATA 	Keypress: w
76.6973 	DATA 	Keypress: n
83.9524 	DATA 	Keypress: lcommand
84.2003 	DATA 	Keypress: f
84.5532 	DATA 	Keypress: d
84.6200 	DATA 	Keypress: o
84.7537 	DATA 	Keypress: w
84.8692 	DATA 	Keypress: n
86.2340 	DATA 	Keypress: lcommand
86.2344 	DATA 	Keypress: lshift
86.5197 	DATA 	Keypress: left
87.0693 	DATA 	Keypress: d
87.1536 	DATA 	Keypress: o
87.2876 	DATA 	Keypress: w
87.6528 	DATA 	Keypress: lshift
87.6532 	DATA 	Keypress: lcommand
88.8211 	DATA 	Keypress: d
89.1549 	DATA 	Keypress: o
89.3878 	DATA 	Keypress: w
89.5036 	DATA 	Keypress: n
95.0726 	DATA 	Keypress: escape
96.2483 	EXP 	window1: mouseVisible = True
96.2485 	DEBUG 	Saving data for FishGame ExperimentHandler
96.2493 	INFO 	saved data to /Users/janet/Desktop/Sinai_Projects/Code/fish-task-6B20T/data/99_FishGame_2023-07-19_15h30.19.059.psydat
96.2502 	INFO 	saved data to '/Users/janet/Desktop/Sinai_Projects/Code/fish-task-6B20T/data/99_FishGame_2023-07-19_15h30.19.059.csv'
