4.0238 	ERROR 	Support for the `sounddevice` audio backend is not available this session. Please install `psychopy-sounddevice` and restart the session to enable support.
8.3462 	INFO 	Loaded monitor calibration from ['2023_07_08 10:12']
8.3585 	WARNING 	User requested fullscreen with size [1536  864], but screen is actually [1920, 1200]. Using actual size
9.4047 	EXP 	Created window1 = Window(allowGUI=True, allowStencil=False, autoLog=True, backendConf=UNKNOWN, backgroundFit=<method-wrapper '__getattribute__' of attributeSetter object at 0x7fc0f149ef10>, backgroundImage=<method-wrapper '__getattribute__' of attributeSetter object at 0x7fc0f149eeb0>, bitsMode=UNKNOWN, blendMode='avg', bpc=(8, 8, 8), color=array([1., 1., 1.]), colorSpace='rgb', depthBits=8, fullscr=<method-wrapper '__getattribute__' of attributeSetter object at 0x7fc0f149ed30>, gamma=None, gammaErrorPolicy='raise', lms=UNKNOWN, monitor=<psychopy.monitors.calibTools.Monitor object at 0x7fc0f34a5e80>, multiSample=False, name='window1', numSamples=2, pos=[0.0, 0.0], screen=0, size=array([1920, 1200]), stencilBits=0, stereo=False, units='height', useFBO=True, useRetina=False, viewOri=0.0, viewPos=None, viewScale=None, waitBlanking=True, winType='pyglet')
9.4048 	EXP 	window1: mouseVisible = True
9.4049 	EXP 	window1: backgroundImage = ''
9.4049 	EXP 	window1: backgroundFit = 'none'
9.4059 	EXP 	window1: mouseVisible = False
9.4060 	EXP 	window1: Attempting to measure frame rate of screen (0) ...
9.4060 	EXP 	window1: recordFrameIntervals = False
9.5708 	EXP 	window1: recordFrameIntervals = True
9.7543 	EXP 	Screen (0) actual frame rate measured at 60.19Hz
9.7544 	EXP 	window1: recordFrameIntervals = False
12.8912 	INFO 	keyboard.Keyboard is using iohub backend.
12.9796 	EXP 	Created text_2 = TextStim(__class__=<class 'psychopy.visual.text.TextStim'>, alignHoriz=method-wrapper(...), alignText='center', alignVert=method-wrapper(...), anchorHoriz='center', anchorVert='center', antialias=True, autoDraw=False, autoLog=True, bold=False, color=array([-1., -1., -1.]), colorSpace='rgb', contrast=1.0, depth=0.0, flipHoriz=False, flipVert=False, font='Open Sans', fontFiles=[], height=0.05, italic=False, languageStyle='LTR', name='text_2', opacity=1.0, ori=0.0, pos=array([0., 0.]), rgb=UNKNOWN, text=str(...), units='height', win=Window(...), wrapWidth=1)
12.9796 	INFO 	keyboard.Keyboard is using iohub backend.
13.0127 	EXP 	Created practice_txt = TextStim(__class__=<class 'psychopy.visual.text.TextStim'>, alignHoriz=method-wrapper(...), alignText='center', alignVert=method-wrapper(...), anchorHoriz='center', anchorVert='center', antialias=True, autoDraw=False, autoLog=True, bold=False, color=array([-1., -1., -1.]), colorSpace='rgb', contrast=1.0, depth=0.0, flipHoriz=False, flipVert=False, font='Open Sans', fontFiles=[], height=0.07, italic=False, languageStyle='LTR', name='practice_txt', opacity=1.0, ori=0.0, pos=array([0., 0.]), rgb=UNKNOWN, text=str(...), units='height', win=Window(...), wrapWidth=1)
13.0127 	INFO 	keyboard.Keyboard is using iohub backend.
13.0146 	EXP 	Created pond_label = TextStim(__class__=<class 'psychopy.visual.text.TextStim'>, alignHoriz=method-wrapper(...), alignText='center', alignVert=method-wrapper(...), anchorHoriz='center', anchorVert='center', antialias=True, autoDraw=False, autoLog=True, bold=False, color=array([-1., -1., -1.]), colorSpace='rgb', contrast=1.0, depth=-1.0, flipHoriz=False, flipVert=False, font='Open Sans', fontFiles=[], height=0.1, italic=False, languageStyle='LTR', name='pond_label', opacity=1.0, ori=0.0, pos=array([ 0. , -0.1]), rgb=UNKNOWN, text='', units='height', win=Window(...), wrapWidth=1)
13.0872 	EXP 	Created jars = ImageStim(__class__=<class 'psychopy.visual.image.ImageStim'>, anchor=('center', 'center'), autoLog=True, color=array([1., 1., 1.]), colorSpace='rgb', contrast=1.0, depth=-2.0, flipHoriz=False, flipVert=False, image='stimuli/jars.PNG', interpolate=False, mask=None, maskParams=None, name='jars', opacity=1.0, ori=0.0, pos=array([0.  , 0.25]), size=array([1. , 0.5]), texRes=128.0, units='height', win=Window(...))
13.1074 	EXP 	Created arrow = ImageStim(__class__=<class 'psychopy.visual.image.ImageStim'>, anchor=('center', 'center'), autoLog=True, color=array([1., 1., 1.]), colorSpace='rgb', contrast=1.0, depth=-3.0, flipHoriz=False, flipVert=False, image='stimuli/arrow.png', interpolate=True, mask=None, maskParams=None, name='arrow', opacity=1.0, ori=0.0, pos=array([ 0.5, -0.3]), size=array([0.2, 0.2]), texRes=128.0, units='height', win=Window(...))
13.1294 	EXP 	Created boy = ImageStim(__class__=<class 'psychopy.visual.image.ImageStim'>, anchor=('center', 'center'), autoLog=True, color=array([1., 1., 1.]), colorSpace='rgb', contrast=1.0, depth=-4.0, flipHoriz=False, flipVert=False, image='stimuli/clear-jar.PNG', interpolate=True, mask=None, maskParams=None, name='boy', opacity=1.0, ori=0.0, pos=array([ 0.75, -0.3 ]), size=array([0.2, 0.2]), texRes=128.0, units='height', win=Window(...))
13.1481 	EXP 	Created F1 = ImageStim(__class__=<class 'psychopy.visual.image.ImageStim'>, anchor=('center', 'center'), autoLog=True, color=array([1., 1., 1.]), colorSpace='rgb', contrast=1.0, depth=-5.0, flipHoriz=False, flipVert=False, image='default.png', interpolate=True, mask=None, maskParams=None, name='F1', opacity=1.0, ori=0.0, pos=array([ 0.2, -0.3]), size=array([0.15, 0.15]), texRes=128.0, units='height', win=Window(...))
13.1671 	EXP 	Created F2 = ImageStim(__class__=<class 'psychopy.visual.image.ImageStim'>, anchor=('center', 'center'), autoLog=True, color=array([1., 1., 1.]), colorSpace='rgb', contrast=1.0, depth=-6.0, flipHoriz=False, flipVert=False, image='default.png', interpolate=True, mask=None, maskParams=None, name='F2', opacity=1.0, ori=0.0, pos=array([ 0. , -0.3]), size=array([0.15, 0.15]), texRes=128.0, units='height', win=Window(...))
13.1857 	EXP 	Created F3 = ImageStim(__class__=<class 'psychopy.visual.image.ImageStim'>, anchor=('center', 'center'), autoLog=True, color=array([1., 1., 1.]), colorSpace='rgb', contrast=1.0, depth=-7.0, flipHoriz=False, flipVert=False, image='default.png', interpolate=True, mask=None, maskParams=None, name='F3', opacity=1.0, ori=0.0, pos=array([-0.2, -0.3]), size=array([0.15, 0.15]), texRes=128.0, units='height', win=Window(...))
13.2031 	EXP 	Created F4 = ImageStim(__class__=<class 'psychopy.visual.image.ImageStim'>, anchor=('center', 'center'), autoLog=True, color=array([1., 1., 1.]), colorSpace='rgb', contrast=1.0, depth=-8.0, flipHoriz=False, flipVert=False, image='default.png', interpolate=True, mask=None, maskParams=None, name='F4', opacity=1.0, ori=0.0, pos=array([-0.4, -0.3]), size=array([0.15, 0.15]), texRes=128.0, units='height', win=Window(...))
13.2202 	EXP 	Created F5 = ImageStim(__class__=<class 'psychopy.visual.image.ImageStim'>, anchor=('center', 'center'), autoLog=True, color=array([1., 1., 1.]), colorSpace='rgb', contrast=1.0, depth=-9.0, flipHoriz=False, flipVert=False, image='default.png', interpolate=True, mask=None, maskParams=None, name='F5', opacity=1.0, ori=0.0, pos=array([-0.6, -0.3]), size=array([0.15, 0.15]), texRes=128.0, units='height', win=Window(...))
13.2254 	EXP 	Created box_outline = Rect(__class__=<class 'psychopy.visual.rect.Rect'>, anchor=('center', 'center'), autoDraw=False, autoLog=True, closeShape=True, color=method-wrapper(...), colorSpace='rgb', contrast=None, depth=-10.0, fillColor=array([0, 0, 0]), fillColorSpace='rgb', fillRGB=array([0, 0, 0]), interpolate=True, lineColor=array([-1., -1., -1.]), lineColorSpace='rgb', lineRGB=array([-1, -1, -1]), lineWidth=5.0, name='box_outline', opacity=0.5, ori=0.0, pos=array([ 0.2, -0.3]), size=array([0.2, 0.2]), units='height', vertices=ndarray(...), win=Window(...))
13.2277 	EXP 	Created box_show = Rect(__class__=<class 'psychopy.visual.rect.Rect'>, anchor=('center', 'center'), autoDraw=False, autoLog=True, closeShape=True, color=method-wrapper(...), colorSpace='rgb', contrast=None, depth=-11.0, fillColor=array([-1, -1, -1]), fillColorSpace='rgb', fillRGB=array([-1, -1, -1]), interpolate=True, lineColor=array([-1., -1., -1.]), lineColorSpace='rgb', lineRGB=array([-1, -1, -1]), lineWidth=5.0, name='box_show', opacity=1.0, ori=0.0, pos=array([ 0.2, -0.3]), size=array([0.2, 0.2]), units='height', vertices=ndarray(...), win=Window(...))
13.2277 	INFO 	keyboard.Keyboard is using iohub backend.
13.2825 	EXP 	Created jars2 = ImageStim(__class__=<class 'psychopy.visual.image.ImageStim'>, anchor=('center', 'center'), autoLog=True, color=array([1., 1., 1.]), colorSpace='rgb', contrast=1.0, depth=-1.0, flipHoriz=False, flipVert=False, image='stimuli/jars.PNG', interpolate=False, mask=None, maskParams=None, name='jars2', opacity=1.0, ori=0.0, pos=array([0.  , 0.25]), size=array([1. , 0.5]), texRes=128.0, units='height', win=Window(...))
13.3017 	EXP 	Created arrow2 = ImageStim(__class__=<class 'psychopy.visual.image.ImageStim'>, anchor=('center', 'center'), autoLog=True, color=array([1., 1., 1.]), colorSpace='rgb', contrast=1.0, depth=-2.0, flipHoriz=False, flipVert=False, image='stimuli/arrow.png', interpolate=True, mask=None, maskParams=None, name='arrow2', opacity=1.0, ori=0.0, pos=array([ 0.5, -0.3]), size=array([0.2, 0.2]), texRes=128.0, units='height', win=Window(...))
13.3220 	EXP 	Created boy2 = ImageStim(__class__=<class 'psychopy.visual.image.ImageStim'>, anchor=('center', 'center'), autoLog=True, color=array([1., 1., 1.]), colorSpace='rgb', contrast=1.0, depth=-3.0, flipHoriz=False, flipVert=False, image='stimuli/clear-jar.PNG', interpolate=True, mask=None, maskParams=None, name='boy2', opacity=1.0, ori=0.0, pos=array([ 0.75, -0.3 ]), size=array([0.2, 0.2]), texRes=128.0, units='height', win=Window(...))
13.3393 	EXP 	Created f1 = ImageStim(__class__=<class 'psychopy.visual.image.ImageStim'>, anchor=('center', 'center'), autoLog=True, color=array([1., 1., 1.]), colorSpace='rgb', contrast=1.0, depth=-4.0, flipHoriz=False, flipVert=False, image='default.png', interpolate=True, mask=None, maskParams=None, name='f1', opacity=1.0, ori=0.0, pos=array([ 0.2, -0.3]), size=array([0.15, 0.15]), texRes=128.0, units='height', win=Window(...))
13.3600 	EXP 	Created f2 = ImageStim(__class__=<class 'psychopy.visual.image.ImageStim'>, anchor=('center', 'center'), autoLog=True, color=array([1., 1., 1.]), colorSpace='rgb', contrast=1.0, depth=-5.0, flipHoriz=False, flipVert=False, image='default.png', interpolate=True, mask=None, maskParams=None, name='f2', opacity=1.0, ori=0.0, pos=array([ 0. , -0.3]), size=array([0.15, 0.15]), texRes=128.0, units='height', win=Window(...))
13.3771 	EXP 	Created f3 = ImageStim(__class__=<class 'psychopy.visual.image.ImageStim'>, anchor=('center', 'center'), autoLog=True, color=array([1., 1., 1.]), colorSpace='rgb', contrast=1.0, depth=-6.0, flipHoriz=False, flipVert=False, image='default.png', interpolate=True, mask=None, maskParams=None, name='f3', opacity=1.0, ori=0.0, pos=array([-0.2, -0.3]), size=array([0.15, 0.15]), texRes=128.0, units='height', win=Window(...))
13.3943 	EXP 	Created f4 = ImageStim(__class__=<class 'psychopy.visual.image.ImageStim'>, anchor=('center', 'center'), autoLog=True, color=array([1., 1., 1.]), colorSpace='rgb', contrast=1.0, depth=-7.0, flipHoriz=False, flipVert=False, image='default.png', interpolate=True, mask=None, maskParams=None, name='f4', opacity=1.0, ori=0.0, pos=array([-0.4, -0.3]), size=array([0.15, 0.15]), texRes=128.0, units='height', win=Window(...))
13.4113 	EXP 	Created f5 = ImageStim(__class__=<class 'psychopy.visual.image.ImageStim'>, anchor=('center', 'center'), autoLog=True, color=array([1., 1., 1.]), colorSpace='rgb', contrast=1.0, depth=-8.0, flipHoriz=False, flipVert=False, image='default.png', interpolate=True, mask=None, maskParams=None, name='f5', opacity=1.0, ori=0.0, pos=array([-0.6, -0.3]), size=array([0.15, 0.15]), texRes=128.0, units='height', win=Window(...))
13.4136 	EXP 	Created boxB = Rect(__class__=<class 'psychopy.visual.rect.Rect'>, anchor=('center', 'center'), autoDraw=False, autoLog=True, closeShape=True, color=method-wrapper(...), colorSpace='rgb', contrast=None, depth=-9.0, fillColor=array([0, 0, 0]), fillColorSpace='rgb', fillRGB=array([0, 0, 0]), interpolate=True, lineColor=array([0., 0., 0.]), lineColorSpace='rgb', lineRGB=array([0, 0, 0]), lineWidth=5.0, name='boxB', opacity=0.0, ori=0.0, pos=array([-0.32,  0.25]), size=array([0.3 , 0.45]), units='height', vertices=ndarray(...), win=Window(...))
13.4157 	EXP 	Created boxY = Rect(__class__=<class 'psychopy.visual.rect.Rect'>, anchor=('center', 'center'), autoDraw=False, autoLog=True, closeShape=True, color=method-wrapper(...), colorSpace='rgb', contrast=None, depth=-10.0, fillColor=array([0, 0, 0]), fillColorSpace='rgb', fillRGB=array([0, 0, 0]), interpolate=True, lineColor=array([0., 0., 0.]), lineColorSpace='rgb', lineRGB=array([0, 0, 0]), lineWidth=5.0, name='boxY', opacity=0.0, ori=0.0, pos=array([0.  , 0.25]), size=array([0.3 , 0.45]), units='height', vertices=ndarray(...), win=Window(...))
13.4178 	EXP 	Created boxG = Rect(__class__=<class 'psychopy.visual.rect.Rect'>, anchor=('center', 'center'), autoDraw=False, autoLog=True, closeShape=True, color=method-wrapper(...), colorSpace='rgb', contrast=None, depth=-11.0, fillColor=array([0, 0, 0]), fillColorSpace='rgb', fillRGB=array([0, 0, 0]), interpolate=True, lineColor=array([0., 0., 0.]), lineColorSpace='rgb', lineRGB=array([0, 0, 0]), lineWidth=5.0, name='boxG', opacity=0.0, ori=0.0, pos=array([0.32, 0.25]), size=array([0.3 , 0.45]), units='height', vertices=ndarray(...), win=Window(...))
13.4200 	EXP 	Created box_outline2 = Rect(__class__=<class 'psychopy.visual.rect.Rect'>, anchor=('center', 'center'), autoDraw=False, autoLog=True, closeShape=True, color=method-wrapper(...), colorSpace='rgb', contrast=None, depth=-12.0, fillColor=array([-1, -1, -1]), fillColorSpace='rgb', fillRGB=array([-1, -1, -1]), interpolate=True, lineColor=array([-1., -1., -1.]), lineColorSpace='rgb', lineRGB=array([-1, -1, -1]), lineWidth=5.0, name='box_outline2', opacity=1.0, ori=0.0, pos=array([ 0.2, -0.3]), size=array([0.2, 0.2]), units='height', vertices=ndarray(...), win=Window(...))
13.4328 	EXP 	Created breakStart_txt = TextStim(__class__=<class 'psychopy.visual.text.TextStim'>, alignHoriz=method-wrapper(...), alignText='center', alignVert=method-wrapper(...), anchorHoriz='center', anchorVert='center', antialias=True, autoDraw=False, autoLog=True, bold=False, color=array([-1., -1., -1.]), colorSpace='rgb', contrast=1.0, depth=-1.0, flipHoriz=False, flipVert=False, font='Open Sans', fontFiles=[], height=0.07, italic=False, languageStyle='LTR', name='breakStart_txt', opacity=1.0, ori=0.0, pos=array([0., 0.]), rgb=UNKNOWN, text='End of the day.\n\nNew day starts soon.', units='height', win=Window(...), wrapWidth=1)
13.4394 	EXP 	Created reward_txt = TextStim(__class__=<class 'psychopy.visual.text.TextStim'>, alignHoriz=method-wrapper(...), alignText='center', alignVert=method-wrapper(...), anchorHoriz='center', anchorVert='center', antialias=True, autoDraw=False, autoLog=True, bold=False, color=array([-1., -1., -1.]), colorSpace='rgb', contrast=1.0, depth=0.0, flipHoriz=False, flipVert=False, font='Open Sans', fontFiles=[], height=0.07, italic=False, languageStyle='LTR', name='reward_txt', opacity=1.0, ori=0.0, pos=array([0., 0.]), rgb=UNKNOWN, text='Thank you!', units='height', win=Window(...), wrapWidth=1)
13.4534 	INFO 	Keyboard events cleared
13.4529 	EXP 	text_2: autoDraw = True
14.6232 	DATA 	Keypress: space
14.6303 	INFO 	Keyboard events cleared
14.6297 	EXP 	text_2: autoDraw = False
14.6297 	EXP 	practice_txt: autoDraw = True
15.2003 	DEBUG 	Read excel file with openpyxl: 1condition/Blocks.xlsx
15.2007 	EXP 	Imported 1condition/Blocks.xlsx as conditions, 6 conditions, 2 params
15.2014 	EXP 	Created sequence: random, trialTypes=6, nReps=1, seed=None
15.2018 	EXP 	New trial (rep=0, index=0): {'condsFile': '1condition/trialsB1.xlsx', 'readyMsg': 'C1 B1- 12,8: (213),(231)'}
15.2116 	DEBUG 	Read excel file with openpyxl: 1condition/trialsB1.xlsx
15.2159 	EXP 	Imported 1condition/trialsB1.xlsx as conditions, 20 conditions, 9 params
15.2166 	EXP 	Created sequence: sequential, trialTypes=20, nReps=1, seed=None
15.2170 	EXP 	New trial (rep=0, index=0): {'trial': 1, 'fish1': 'stimuli\\bead_g.PNG', 'fish2': 'stimuli\\blank.JPG', 'fish3': 'stimuli\\blank.JPG', 'fish4': 'stimuli\\blank.JPG', 'fish5': 'stimuli\\blank.JPG', 'pond': 1, 'pond2': 2, 'pond3': 'down'}
15.2184 	DEPRECATION 	Couldn't find image stimuli\bead_g.PNG; check path? (tried: /Users/janet/Desktop/Sinai_Projects/Code/fish-task-6B20T/stimuli\bead_g.PNG)
15.7953 	EXP 	window1: mouseVisible = True
15.7993 	DEBUG 	Saving data for FishGame ExperimentHandler
15.8015 	INFO 	saved data to /Users/janet/Desktop/Sinai_Projects/Code/fish-task-6B20T/data/99_FishGame_2023-07-19_15h06.53.192.psydat
15.8024 	INFO 	saved data to '/Users/janet/Desktop/Sinai_Projects/Code/fish-task-6B20T/data/99_FishGame_2023-07-19_15h06.53.192.csv'
