3.7496 	ERROR 	Support for the `sounddevice` audio backend is not available this session. Please install `psychopy-sounddevice` and restart the session to enable support.
7.9229 	INFO 	Loaded monitor calibration from ['2023_07_08 10:12']
7.9342 	WARNING 	User requested fullscreen with size [1536  864], but screen is actually [1440, 900]. Using actual size
8.8544 	EXP 	Created window1 = Window(allowGUI=True, allowStencil=False, autoLog=True, backendConf=UNKNOWN, backgroundFit=<method-wrapper '__getattribute__' of attributeSetter object at 0x7f825fb22fd0>, backgroundImage=<method-wrapper '__getattribute__' of attributeSetter object at 0x7f825fb22f70>, bitsMode=UNKNOWN, blendMode='avg', bpc=(8, 8, 8), color=array([1., 1., 1.]), colorSpace='rgb', depthBits=8, fullscr=<method-wrapper '__getattribute__' of attributeSetter object at 0x7f825fb22df0>, gamma=None, gammaErrorPolicy='raise', lms=UNKNOWN, monitor=<psychopy.monitors.calibTools.Monitor object at 0x7f826483e190>, multiSample=False, name='window1', numSamples=2, pos=[360.0, 225.0], screen=0, size=array([2880, 1800]), stencilBits=0, stereo=False, units='height', useFBO=True, useRetina=True, viewOri=0.0, viewPos=None, viewScale=None, waitBlanking=True, winType='pyglet')
8.8546 	EXP 	window1: mouseVisible = True
8.8546 	EXP 	window1: backgroundImage = ''
8.8546 	EXP 	window1: backgroundFit = 'none'
8.8558 	EXP 	window1: mouseVisible = False
8.8558 	EXP 	window1: Attempting to measure frame rate of screen (0) ...
8.8558 	EXP 	window1: recordFrameIntervals = False
9.0204 	EXP 	window1: recordFrameIntervals = True
9.1740 	WARNING 	t of last frame was 20.39ms (=1/49)
9.3538 	EXP 	Screen (0) actual frame rate measured at 59.98Hz
9.3539 	EXP 	window1: recordFrameIntervals = False
11.8747 	INFO 	keyboard.Keyboard is using iohub backend.
11.9457 	EXP 	Created text_1a = TextStim(__class__=<class 'psychopy.visual.text.TextStim'>, alignHoriz=method-wrapper(...), alignText='center', alignVert=method-wrapper(...), anchorHoriz='center', anchorVert='center', antialias=True, autoDraw=False, autoLog=True, bold=False, color=array([-1., -1., -1.]), colorSpace='rgb', contrast=1.0, depth=0.0, flipHoriz=False, flipVert=False, font='Open Sans', fontFiles=[], height=0.035, italic=False, languageStyle='LTR', name='text_1a', opacity=1.0, ori=0.0, pos=array([0.  , 0.35]), rgb=UNKNOWN, text=str(...), units='height', win=Window(...), wrapWidth=1)
11.9457 	INFO 	keyboard.Keyboard is using iohub backend.
12.0176 	EXP 	Created ins1_image = ImageStim(__class__=<class 'psychopy.visual.image.ImageStim'>, anchor=('center', 'center'), autoLog=True, color=array([1., 1., 1.]), colorSpace='rgb', contrast=1.0, depth=-2.0, flipHoriz=False, flipVert=False, image='stimuli/instruction_image.png', interpolate=True, mask=None, maskParams=None, name='ins1_image', opacity=1.0, ori=0.0, pos=array([0.  , 0.05]), size=array([0.6 , 0.35]), texRes=128.0, units='height', win=Window(...))
12.0371 	EXP 	Created text_1b = TextStim(__class__=<class 'psychopy.visual.text.TextStim'>, alignHoriz=method-wrapper(...), alignText='center', alignVert=method-wrapper(...), anchorHoriz='center', anchorVert='center', antialias=True, autoDraw=False, autoLog=True, bold=False, color=array([-1., -1., -1.]), colorSpace='rgb', contrast=1.0, depth=-3.0, flipHoriz=False, flipVert=False, font='Open Sans', fontFiles=[], height=0.035, italic=False, languageStyle='LTR', name='text_1b', opacity=1.0, ori=0.0, pos=array([ 0. , -0.3]), rgb=UNKNOWN, text=str(...), units='height', win=Window(...), wrapWidth=1)
12.0650 	EXP 	Created text_2 = TextStim(__class__=<class 'psychopy.visual.text.TextStim'>, alignHoriz=method-wrapper(...), alignText='center', alignVert=method-wrapper(...), anchorHoriz='center', anchorVert='center', antialias=True, autoDraw=False, autoLog=True, bold=False, color=array([-1., -1., -1.]), colorSpace='rgb', contrast=1.0, depth=0.0, flipHoriz=False, flipVert=False, font='Open Sans', fontFiles=[], height=0.05, italic=False, languageStyle='LTR', name='text_2', opacity=1.0, ori=0.0, pos=array([ 0. , -0.2]), rgb=UNKNOWN, text=str(...), units='height', win=Window(...), wrapWidth=1)
12.0650 	INFO 	keyboard.Keyboard is using iohub backend.
12.1199 	EXP 	Created inst2_image = ImageStim(__class__=<class 'psychopy.visual.image.ImageStim'>, anchor=('center', 'center'), autoLog=True, color=array([1., 1., 1.]), colorSpace='rgb', contrast=1.0, depth=-2.0, flipHoriz=False, flipVert=False, image='stimuli/instruction_image.png', interpolate=True, mask=None, maskParams=None, name='inst2_image', opacity=1.0, ori=0.0, pos=array([0.  , 0.25]), size=array([0.6 , 0.35]), texRes=128.0, units='height', win=Window(...))
12.1605 	EXP 	Created text_3 = TextStim(__class__=<class 'psychopy.visual.text.TextStim'>, alignHoriz=method-wrapper(...), alignText='center', alignVert=method-wrapper(...), anchorHoriz='center', anchorVert='center', antialias=True, autoDraw=False, autoLog=True, bold=False, color=array([-1., -1., -1.]), colorSpace='rgb', contrast=1.0, depth=0.0, flipHoriz=False, flipVert=False, font='Open Sans', fontFiles=[], height=0.045, italic=False, languageStyle='LTR', name='text_3', opacity=1.0, ori=0.0, pos=array([ 0. , -0.2]), rgb=UNKNOWN, text=str(...), units='height', win=Window(...), wrapWidth=1)
12.1606 	INFO 	keyboard.Keyboard is using iohub backend.
12.2134 	EXP 	Created inst3_image = ImageStim(__class__=<class 'psychopy.visual.image.ImageStim'>, anchor=('center', 'center'), autoLog=True, color=array([1., 1., 1.]), colorSpace='rgb', contrast=1.0, depth=-2.0, flipHoriz=False, flipVert=False, image='stimuli/instruction_image.png', interpolate=True, mask=None, maskParams=None, name='inst3_image', opacity=1.0, ori=0.0, pos=array([0.  , 0.25]), size=array([0.6 , 0.35]), texRes=128.0, units='height', win=Window(...))
12.2155 	EXP 	Created pond_label_2 = TextStim(__class__=<class 'psychopy.visual.text.TextStim'>, alignHoriz=method-wrapper(...), alignText='center', alignVert=method-wrapper(...), anchorHoriz='center', anchorVert='center', antialias=True, autoDraw=False, autoLog=True, bold=False, color=array([-1., -1., -1.]), colorSpace='rgb', contrast=1.0, depth=-1.0, flipHoriz=False, flipVert=False, font='Open Sans', fontFiles=[], height=0.1, italic=False, languageStyle='LTR', name='pond_label_2', opacity=1.0, ori=0.0, pos=array([ 0. , -0.1]), rgb=UNKNOWN, text='', units='height', win=Window(...), wrapWidth=1)
12.2754 	EXP 	Created jars_2 = ImageStim(__class__=<class 'psychopy.visual.image.ImageStim'>, anchor=('center', 'center'), autoLog=True, color=array([1., 1., 1.]), colorSpace='rgb', contrast=1.0, depth=-2.0, flipHoriz=False, flipVert=False, image='stimuli/jars.PNG', interpolate=False, mask=None, maskParams=None, name='jars_2', opacity=1.0, ori=0.0, pos=array([0.  , 0.25]), size=array([1. , 0.5]), texRes=128.0, units='height', win=Window(...))
12.2938 	EXP 	Created arrow_2 = ImageStim(__class__=<class 'psychopy.visual.image.ImageStim'>, anchor=('center', 'center'), autoLog=True, color=array([1., 1., 1.]), colorSpace='rgb', contrast=1.0, depth=-3.0, flipHoriz=False, flipVert=False, image='stimuli/arrow.png', interpolate=True, mask=None, maskParams=None, name='arrow_2', opacity=1.0, ori=0.0, pos=array([ 0.5, -0.3]), size=array([0.2, 0.2]), texRes=128.0, units='height', win=Window(...))
12.3156 	EXP 	Created boy_2 = ImageStim(__class__=<class 'psychopy.visual.image.ImageStim'>, anchor=('center', 'center'), autoLog=True, color=array([1., 1., 1.]), colorSpace='rgb', contrast=1.0, depth=-4.0, flipHoriz=False, flipVert=False, image='stimuli/clear-jar.PNG', interpolate=True, mask=None, maskParams=None, name='boy_2', opacity=1.0, ori=0.0, pos=array([ 0.75, -0.3 ]), size=array([0.2, 0.2]), texRes=128.0, units='height', win=Window(...))
12.3350 	EXP 	Created F1_2 = ImageStim(__class__=<class 'psychopy.visual.image.ImageStim'>, anchor=('center', 'center'), autoLog=True, color=array([1., 1., 1.]), colorSpace='rgb', contrast=1.0, depth=-5.0, flipHoriz=False, flipVert=False, image='default.png', interpolate=True, mask=None, maskParams=None, name='F1_2', opacity=1.0, ori=0.0, pos=array([ 0.2, -0.3]), size=array([0.15, 0.15]), texRes=128.0, units='height', win=Window(...))
12.3524 	EXP 	Created F2_2 = ImageStim(__class__=<class 'psychopy.visual.image.ImageStim'>, anchor=('center', 'center'), autoLog=True, color=array([1., 1., 1.]), colorSpace='rgb', contrast=1.0, depth=-6.0, flipHoriz=False, flipVert=False, image='default.png', interpolate=True, mask=None, maskParams=None, name='F2_2', opacity=1.0, ori=0.0, pos=array([ 0. , -0.3]), size=array([0.15, 0.15]), texRes=128.0, units='height', win=Window(...))
12.3698 	EXP 	Created F3_2 = ImageStim(__class__=<class 'psychopy.visual.image.ImageStim'>, anchor=('center', 'center'), autoLog=True, color=array([1., 1., 1.]), colorSpace='rgb', contrast=1.0, depth=-7.0, flipHoriz=False, flipVert=False, image='default.png', interpolate=True, mask=None, maskParams=None, name='F3_2', opacity=1.0, ori=0.0, pos=array([-0.2, -0.3]), size=array([0.15, 0.15]), texRes=128.0, units='height', win=Window(...))
12.3873 	EXP 	Created F4_2 = ImageStim(__class__=<class 'psychopy.visual.image.ImageStim'>, anchor=('center', 'center'), autoLog=True, color=array([1., 1., 1.]), colorSpace='rgb', contrast=1.0, depth=-8.0, flipHoriz=False, flipVert=False, image='default.png', interpolate=True, mask=None, maskParams=None, name='F4_2', opacity=1.0, ori=0.0, pos=array([-0.4, -0.3]), size=array([0.15, 0.15]), texRes=128.0, units='height', win=Window(...))
12.4048 	EXP 	Created F5_2 = ImageStim(__class__=<class 'psychopy.visual.image.ImageStim'>, anchor=('center', 'center'), autoLog=True, color=array([1., 1., 1.]), colorSpace='rgb', contrast=1.0, depth=-9.0, flipHoriz=False, flipVert=False, image='default.png', interpolate=True, mask=None, maskParams=None, name='F5_2', opacity=1.0, ori=0.0, pos=array([-0.6, -0.3]), size=array([0.15, 0.15]), texRes=128.0, units='height', win=Window(...))
12.4098 	EXP 	Created box_outline_2 = Rect(__class__=<class 'psychopy.visual.rect.Rect'>, anchor=('center', 'center'), autoDraw=False, autoLog=True, closeShape=True, color=method-wrapper(...), colorSpace='rgb', contrast=None, depth=-10.0, fillColor=array([0, 0, 0]), fillColorSpace='rgb', fillRGB=array([0, 0, 0]), interpolate=True, lineColor=array([-1., -1., -1.]), lineColorSpace='rgb', lineRGB=array([-1, -1, -1]), lineWidth=5.0, name='box_outline_2', opacity=0.5, ori=0.0, pos=array([ 0.2, -0.3]), size=array([0.2, 0.2]), units='height', vertices=ndarray(...), win=Window(...))
12.4121 	EXP 	Created box_show_2 = Rect(__class__=<class 'psychopy.visual.rect.Rect'>, anchor=('center', 'center'), autoDraw=False, autoLog=True, closeShape=True, color=method-wrapper(...), colorSpace='rgb', contrast=None, depth=-11.0, fillColor=array([-1, -1, -1]), fillColorSpace='rgb', fillRGB=array([-1, -1, -1]), interpolate=True, lineColor=array([-1., -1., -1.]), lineColorSpace='rgb', lineRGB=array([-1, -1, -1]), lineWidth=5.0, name='box_show_2', opacity=1.0, ori=0.0, pos=array([ 0.2, -0.3]), size=array([0.2, 0.2]), units='height', vertices=ndarray(...), win=Window(...))
12.4121 	INFO 	keyboard.Keyboard is using iohub backend.
12.4136 	EXP 	Created pond_label2_2 = TextStim(__class__=<class 'psychopy.visual.text.TextStim'>, alignHoriz=method-wrapper(...), alignText='center', alignVert=method-wrapper(...), anchorHoriz='center', anchorVert='center', antialias=True, autoDraw=False, autoLog=True, bold=False, color=array([-1., -1., -1.]), colorSpace='rgb', contrast=1.0, depth=-1.0, flipHoriz=False, flipVert=False, font='Open Sans', fontFiles=[], height=0.1, italic=False, languageStyle='LTR', name='pond_label2_2', opacity=1.0, ori=0.0, pos=array([ 0. , -0.1]), rgb=UNKNOWN, text='', units='height', win=Window(...), wrapWidth=1)
12.4687 	EXP 	Created jars2_2 = ImageStim(__class__=<class 'psychopy.visual.image.ImageStim'>, anchor=('center', 'center'), autoLog=True, color=array([1., 1., 1.]), colorSpace='rgb', contrast=1.0, depth=-2.0, flipHoriz=False, flipVert=False, image='stimuli/jars.PNG', interpolate=False, mask=None, maskParams=None, name='jars2_2', opacity=1.0, ori=0.0, pos=array([0.  , 0.25]), size=array([1. , 0.5]), texRes=128.0, units='height', win=Window(...))
12.4859 	EXP 	Created arrow2_2 = ImageStim(__class__=<class 'psychopy.visual.image.ImageStim'>, anchor=('center', 'center'), autoLog=True, color=array([1., 1., 1.]), colorSpace='rgb', contrast=1.0, depth=-3.0, flipHoriz=False, flipVert=False, image='stimuli/arrow.png', interpolate=True, mask=None, maskParams=None, name='arrow2_2', opacity=1.0, ori=0.0, pos=array([ 0.5, -0.3]), size=array([0.2, 0.2]), texRes=128.0, units='height', win=Window(...))
12.5061 	EXP 	Created boy2_2 = ImageStim(__class__=<class 'psychopy.visual.image.ImageStim'>, anchor=('center', 'center'), autoLog=True, color=array([1., 1., 1.]), colorSpace='rgb', contrast=1.0, depth=-4.0, flipHoriz=False, flipVert=False, image='stimuli/clear-jar.PNG', interpolate=True, mask=None, maskParams=None, name='boy2_2', opacity=1.0, ori=0.0, pos=array([ 0.75, -0.3 ]), size=array([0.2, 0.2]), texRes=128.0, units='height', win=Window(...))
12.5235 	EXP 	Created f1_2 = ImageStim(__class__=<class 'psychopy.visual.image.ImageStim'>, anchor=('center', 'center'), autoLog=True, color=array([1., 1., 1.]), colorSpace='rgb', contrast=1.0, depth=-5.0, flipHoriz=False, flipVert=False, image='default.png', interpolate=True, mask=None, maskParams=None, name='f1_2', opacity=1.0, ori=0.0, pos=array([ 0.2, -0.3]), size=array([0.15, 0.15]), texRes=128.0, units='height', win=Window(...))
12.5413 	EXP 	Created f2_2 = ImageStim(__class__=<class 'psychopy.visual.image.ImageStim'>, anchor=('center', 'center'), autoLog=True, color=array([1., 1., 1.]), colorSpace='rgb', contrast=1.0, depth=-6.0, flipHoriz=False, flipVert=False, image='default.png', interpolate=True, mask=None, maskParams=None, name='f2_2', opacity=1.0, ori=0.0, pos=array([ 0. , -0.3]), size=array([0.15, 0.15]), texRes=128.0, units='height', win=Window(...))
12.5587 	EXP 	Created f3_2 = ImageStim(__class__=<class 'psychopy.visual.image.ImageStim'>, anchor=('center', 'center'), autoLog=True, color=array([1., 1., 1.]), colorSpace='rgb', contrast=1.0, depth=-7.0, flipHoriz=False, flipVert=False, image='default.png', interpolate=True, mask=None, maskParams=None, name='f3_2', opacity=1.0, ori=0.0, pos=array([-0.2, -0.3]), size=array([0.15, 0.15]), texRes=128.0, units='height', win=Window(...))
12.5761 	EXP 	Created f4_2 = ImageStim(__class__=<class 'psychopy.visual.image.ImageStim'>, anchor=('center', 'center'), autoLog=True, color=array([1., 1., 1.]), colorSpace='rgb', contrast=1.0, depth=-8.0, flipHoriz=False, flipVert=False, image='default.png', interpolate=True, mask=None, maskParams=None, name='f4_2', opacity=1.0, ori=0.0, pos=array([-0.4, -0.3]), size=array([0.15, 0.15]), texRes=128.0, units='height', win=Window(...))
12.5937 	EXP 	Created f5_2 = ImageStim(__class__=<class 'psychopy.visual.image.ImageStim'>, anchor=('center', 'center'), autoLog=True, color=array([1., 1., 1.]), colorSpace='rgb', contrast=1.0, depth=-9.0, flipHoriz=False, flipVert=False, image='default.png', interpolate=True, mask=None, maskParams=None, name='f5_2', opacity=1.0, ori=0.0, pos=array([-0.6, -0.3]), size=array([0.15, 0.15]), texRes=128.0, units='height', win=Window(...))
12.5960 	EXP 	Created boxB_2 = Rect(__class__=<class 'psychopy.visual.rect.Rect'>, anchor=('center', 'center'), autoDraw=False, autoLog=True, closeShape=True, color=method-wrapper(...), colorSpace='rgb', contrast=None, depth=-10.0, fillColor=array([0, 0, 0]), fillColorSpace='rgb', fillRGB=array([0, 0, 0]), interpolate=True, lineColor=array([0., 0., 0.]), lineColorSpace='rgb', lineRGB=array([0, 0, 0]), lineWidth=5.0, name='boxB_2', opacity=0.0, ori=0.0, pos=array([-0.32,  0.25]), size=array([0.3 , 0.45]), units='height', vertices=ndarray(...), win=Window(...))
12.5981 	EXP 	Created boxY_2 = Rect(__class__=<class 'psychopy.visual.rect.Rect'>, anchor=('center', 'center'), autoDraw=False, autoLog=True, closeShape=True, color=method-wrapper(...), colorSpace='rgb', contrast=None, depth=-11.0, fillColor=array([0, 0, 0]), fillColorSpace='rgb', fillRGB=array([0, 0, 0]), interpolate=True, lineColor=array([0., 0., 0.]), lineColorSpace='rgb', lineRGB=array([0, 0, 0]), lineWidth=5.0, name='boxY_2', opacity=0.0, ori=0.0, pos=array([0.  , 0.25]), size=array([0.3 , 0.45]), units='height', vertices=ndarray(...), win=Window(...))
12.6003 	EXP 	Created boxG_2 = Rect(__class__=<class 'psychopy.visual.rect.Rect'>, anchor=('center', 'center'), autoDraw=False, autoLog=True, closeShape=True, color=method-wrapper(...), colorSpace='rgb', contrast=None, depth=-12.0, fillColor=array([0, 0, 0]), fillColorSpace='rgb', fillRGB=array([0, 0, 0]), interpolate=True, lineColor=array([0., 0., 0.]), lineColorSpace='rgb', lineRGB=array([0, 0, 0]), lineWidth=5.0, name='boxG_2', opacity=0.0, ori=0.0, pos=array([0.32, 0.25]), size=array([0.3 , 0.45]), units='height', vertices=ndarray(...), win=Window(...))
12.6024 	EXP 	Created box_outline2_2 = Rect(__class__=<class 'psychopy.visual.rect.Rect'>, anchor=('center', 'center'), autoDraw=False, autoLog=True, closeShape=True, color=method-wrapper(...), colorSpace='rgb', contrast=None, depth=-13.0, fillColor=array([-1, -1, -1]), fillColorSpace='rgb', fillRGB=array([-1, -1, -1]), interpolate=True, lineColor=array([-1., -1., -1.]), lineColorSpace='rgb', lineRGB=array([-1, -1, -1]), lineWidth=5.0, name='box_outline2_2', opacity=1.0, ori=0.0, pos=array([ 0.2, -0.3]), size=array([0.2, 0.2]), units='height', vertices=ndarray(...), win=Window(...))
12.6254 	EXP 	Created Begin_txt = TextStim(__class__=<class 'psychopy.visual.text.TextStim'>, alignHoriz=method-wrapper(...), alignText='center', alignVert=method-wrapper(...), anchorHoriz='center', anchorVert='center', antialias=True, autoDraw=False, autoLog=True, bold=False, color=array([-1., -1., -1.]), colorSpace='rgb', contrast=1.0, depth=0.0, flipHoriz=False, flipVert=False, font='Open Sans', fontFiles=[], height=0.07, italic=False, languageStyle='LTR', name='Begin_txt', opacity=1.0, ori=0.0, pos=array([0., 0.]), rgb=UNKNOWN, text=str(...), units='height', win=Window(...), wrapWidth=1)
12.6255 	INFO 	keyboard.Keyboard is using iohub backend.
12.6270 	EXP 	Created pond_label = TextStim(__class__=<class 'psychopy.visual.text.TextStim'>, alignHoriz=method-wrapper(...), alignText='center', alignVert=method-wrapper(...), anchorHoriz='center', anchorVert='center', antialias=True, autoDraw=False, autoLog=True, bold=False, color=array([-1., -1., -1.]), colorSpace='rgb', contrast=1.0, depth=-1.0, flipHoriz=False, flipVert=False, font='Open Sans', fontFiles=[], height=0.1, italic=False, languageStyle='LTR', name='pond_label', opacity=1.0, ori=0.0, pos=array([ 0. , -0.1]), rgb=UNKNOWN, text='', units='height', win=Window(...), wrapWidth=1)
12.6824 	EXP 	Created jars = ImageStim(__class__=<class 'psychopy.visual.image.ImageStim'>, anchor=('center', 'center'), autoLog=True, color=array([1., 1., 1.]), colorSpace='rgb', contrast=1.0, depth=-2.0, flipHoriz=False, flipVert=False, image='stimuli/jars.PNG', interpolate=False, mask=None, maskParams=None, name='jars', opacity=1.0, ori=0.0, pos=array([0.  , 0.25]), size=array([1. , 0.5]), texRes=128.0, units='height', win=Window(...))
12.7000 	EXP 	Created arrow = ImageStim(__class__=<class 'psychopy.visual.image.ImageStim'>, anchor=('center', 'center'), autoLog=True, color=array([1., 1., 1.]), colorSpace='rgb', contrast=1.0, depth=-3.0, flipHoriz=False, flipVert=False, image='stimuli/arrow.png', interpolate=True, mask=None, maskParams=None, name='arrow', opacity=1.0, ori=0.0, pos=array([ 0.5, -0.3]), size=array([0.2, 0.2]), texRes=128.0, units='height', win=Window(...))
12.7206 	EXP 	Created boy = ImageStim(__class__=<class 'psychopy.visual.image.ImageStim'>, anchor=('center', 'center'), autoLog=True, color=array([1., 1., 1.]), colorSpace='rgb', contrast=1.0, depth=-4.0, flipHoriz=False, flipVert=False, image='stimuli/clear-jar.PNG', interpolate=True, mask=None, maskParams=None, name='boy', opacity=1.0, ori=0.0, pos=array([ 0.75, -0.3 ]), size=array([0.2, 0.2]), texRes=128.0, units='height', win=Window(...))
12.7383 	EXP 	Created F1 = ImageStim(__class__=<class 'psychopy.visual.image.ImageStim'>, anchor=('center', 'center'), autoLog=True, color=array([1., 1., 1.]), colorSpace='rgb', contrast=1.0, depth=-5.0, flipHoriz=False, flipVert=False, image='default.png', interpolate=True, mask=None, maskParams=None, name='F1', opacity=1.0, ori=0.0, pos=array([ 0.2, -0.3]), size=array([0.15, 0.15]), texRes=128.0, units='height', win=Window(...))
12.7559 	EXP 	Created F2 = ImageStim(__class__=<class 'psychopy.visual.image.ImageStim'>, anchor=('center', 'center'), autoLog=True, color=array([1., 1., 1.]), colorSpace='rgb', contrast=1.0, depth=-6.0, flipHoriz=False, flipVert=False, image='default.png', interpolate=True, mask=None, maskParams=None, name='F2', opacity=1.0, ori=0.0, pos=array([ 0. , -0.3]), size=array([0.15, 0.15]), texRes=128.0, units='height', win=Window(...))
12.7733 	EXP 	Created F3 = ImageStim(__class__=<class 'psychopy.visual.image.ImageStim'>, anchor=('center', 'center'), autoLog=True, color=array([1., 1., 1.]), colorSpace='rgb', contrast=1.0, depth=-7.0, flipHoriz=False, flipVert=False, image='default.png', interpolate=True, mask=None, maskParams=None, name='F3', opacity=1.0, ori=0.0, pos=array([-0.2, -0.3]), size=array([0.15, 0.15]), texRes=128.0, units='height', win=Window(...))
12.7906 	EXP 	Created F4 = ImageStim(__class__=<class 'psychopy.visual.image.ImageStim'>, anchor=('center', 'center'), autoLog=True, color=array([1., 1., 1.]), colorSpace='rgb', contrast=1.0, depth=-8.0, flipHoriz=False, flipVert=False, image='default.png', interpolate=True, mask=None, maskParams=None, name='F4', opacity=1.0, ori=0.0, pos=array([-0.4, -0.3]), size=array([0.15, 0.15]), texRes=128.0, units='height', win=Window(...))
12.8081 	EXP 	Created F5 = ImageStim(__class__=<class 'psychopy.visual.image.ImageStim'>, anchor=('center', 'center'), autoLog=True, color=array([1., 1., 1.]), colorSpace='rgb', contrast=1.0, depth=-9.0, flipHoriz=False, flipVert=False, image='default.png', interpolate=True, mask=None, maskParams=None, name='F5', opacity=1.0, ori=0.0, pos=array([-0.6, -0.3]), size=array([0.15, 0.15]), texRes=128.0, units='height', win=Window(...))
12.8103 	EXP 	Created box_outline = Rect(__class__=<class 'psychopy.visual.rect.Rect'>, anchor=('center', 'center'), autoDraw=False, autoLog=True, closeShape=True, color=method-wrapper(...), colorSpace='rgb', contrast=None, depth=-10.0, fillColor=array([0, 0, 0]), fillColorSpace='rgb', fillRGB=array([0, 0, 0]), interpolate=True, lineColor=array([-1., -1., -1.]), lineColorSpace='rgb', lineRGB=array([-1, -1, -1]), lineWidth=5.0, name='box_outline', opacity=0.5, ori=0.0, pos=array([ 0.2, -0.3]), size=array([0.2, 0.2]), units='height', vertices=ndarray(...), win=Window(...))
12.8125 	EXP 	Created box_show = Rect(__class__=<class 'psychopy.visual.rect.Rect'>, anchor=('center', 'center'), autoDraw=False, autoLog=True, closeShape=True, color=method-wrapper(...), colorSpace='rgb', contrast=None, depth=-11.0, fillColor=array([-1, -1, -1]), fillColorSpace='rgb', fillRGB=array([-1, -1, -1]), interpolate=True, lineColor=array([-1., -1., -1.]), lineColorSpace='rgb', lineRGB=array([-1, -1, -1]), lineWidth=5.0, name='box_show', opacity=1.0, ori=0.0, pos=array([ 0.2, -0.3]), size=array([0.2, 0.2]), units='height', vertices=ndarray(...), win=Window(...))
12.8125 	INFO 	keyboard.Keyboard is using iohub backend.
12.8675 	EXP 	Created jars2 = ImageStim(__class__=<class 'psychopy.visual.image.ImageStim'>, anchor=('center', 'center'), autoLog=True, color=array([1., 1., 1.]), colorSpace='rgb', contrast=1.0, depth=-1.0, flipHoriz=False, flipVert=False, image='stimuli/jars.PNG', interpolate=False, mask=None, maskParams=None, name='jars2', opacity=1.0, ori=0.0, pos=array([0.  , 0.25]), size=array([1. , 0.5]), texRes=128.0, units='height', win=Window(...))
12.8849 	EXP 	Created arrow2 = ImageStim(__class__=<class 'psychopy.visual.image.ImageStim'>, anchor=('center', 'center'), autoLog=True, color=array([1., 1., 1.]), colorSpace='rgb', contrast=1.0, depth=-2.0, flipHoriz=False, flipVert=False, image='stimuli/arrow.png', interpolate=True, mask=None, maskParams=None, name='arrow2', opacity=1.0, ori=0.0, pos=array([ 0.5, -0.3]), size=array([0.2, 0.2]), texRes=128.0, units='height', win=Window(...))
12.9053 	EXP 	Created boy2 = ImageStim(__class__=<class 'psychopy.visual.image.ImageStim'>, anchor=('center', 'center'), autoLog=True, color=array([1., 1., 1.]), colorSpace='rgb', contrast=1.0, depth=-3.0, flipHoriz=False, flipVert=False, image='stimuli/clear-jar.PNG', interpolate=True, mask=None, maskParams=None, name='boy2', opacity=1.0, ori=0.0, pos=array([ 0.75, -0.3 ]), size=array([0.2, 0.2]), texRes=128.0, units='height', win=Window(...))
12.9232 	EXP 	Created f1 = ImageStim(__class__=<class 'psychopy.visual.image.ImageStim'>, anchor=('center', 'center'), autoLog=True, color=array([1., 1., 1.]), colorSpace='rgb', contrast=1.0, depth=-4.0, flipHoriz=False, flipVert=False, image='default.png', interpolate=True, mask=None, maskParams=None, name='f1', opacity=1.0, ori=0.0, pos=array([ 0.2, -0.3]), size=array([0.15, 0.15]), texRes=128.0, units='height', win=Window(...))
12.9404 	EXP 	Created f2 = ImageStim(__class__=<class 'psychopy.visual.image.ImageStim'>, anchor=('center', 'center'), autoLog=True, color=array([1., 1., 1.]), colorSpace='rgb', contrast=1.0, depth=-5.0, flipHoriz=False, flipVert=False, image='default.png', interpolate=True, mask=None, maskParams=None, name='f2', opacity=1.0, ori=0.0, pos=array([ 0. , -0.3]), size=array([0.15, 0.15]), texRes=128.0, units='height', win=Window(...))
12.9585 	EXP 	Created f3 = ImageStim(__class__=<class 'psychopy.visual.image.ImageStim'>, anchor=('center', 'center'), autoLog=True, color=array([1., 1., 1.]), colorSpace='rgb', contrast=1.0, depth=-6.0, flipHoriz=False, flipVert=False, image='default.png', interpolate=True, mask=None, maskParams=None, name='f3', opacity=1.0, ori=0.0, pos=array([-0.2, -0.3]), size=array([0.15, 0.15]), texRes=128.0, units='height', win=Window(...))
12.9760 	EXP 	Created f4 = ImageStim(__class__=<class 'psychopy.visual.image.ImageStim'>, anchor=('center', 'center'), autoLog=True, color=array([1., 1., 1.]), colorSpace='rgb', contrast=1.0, depth=-7.0, flipHoriz=False, flipVert=False, image='default.png', interpolate=True, mask=None, maskParams=None, name='f4', opacity=1.0, ori=0.0, pos=array([-0.4, -0.3]), size=array([0.15, 0.15]), texRes=128.0, units='height', win=Window(...))
12.9934 	EXP 	Created f5 = ImageStim(__class__=<class 'psychopy.visual.image.ImageStim'>, anchor=('center', 'center'), autoLog=True, color=array([1., 1., 1.]), colorSpace='rgb', contrast=1.0, depth=-8.0, flipHoriz=False, flipVert=False, image='default.png', interpolate=True, mask=None, maskParams=None, name='f5', opacity=1.0, ori=0.0, pos=array([-0.6, -0.3]), size=array([0.15, 0.15]), texRes=128.0, units='height', win=Window(...))
12.9956 	EXP 	Created boxB = Rect(__class__=<class 'psychopy.visual.rect.Rect'>, anchor=('center', 'center'), autoDraw=False, autoLog=True, closeShape=True, color=method-wrapper(...), colorSpace='rgb', contrast=None, depth=-9.0, fillColor=array([0, 0, 0]), fillColorSpace='rgb', fillRGB=array([0, 0, 0]), interpolate=True, lineColor=array([0., 0., 0.]), lineColorSpace='rgb', lineRGB=array([0, 0, 0]), lineWidth=5.0, name='boxB', opacity=0.0, ori=0.0, pos=array([-0.32,  0.25]), size=array([0.3 , 0.45]), units='height', vertices=ndarray(...), win=Window(...))
12.9977 	EXP 	Created boxY = Rect(__class__=<class 'psychopy.visual.rect.Rect'>, anchor=('center', 'center'), autoDraw=False, autoLog=True, closeShape=True, color=method-wrapper(...), colorSpace='rgb', contrast=None, depth=-10.0, fillColor=array([0, 0, 0]), fillColorSpace='rgb', fillRGB=array([0, 0, 0]), interpolate=True, lineColor=array([0., 0., 0.]), lineColorSpace='rgb', lineRGB=array([0, 0, 0]), lineWidth=5.0, name='boxY', opacity=0.0, ori=0.0, pos=array([0.  , 0.25]), size=array([0.3 , 0.45]), units='height', vertices=ndarray(...), win=Window(...))
12.9999 	EXP 	Created boxG = Rect(__class__=<class 'psychopy.visual.rect.Rect'>, anchor=('center', 'center'), autoDraw=False, autoLog=True, closeShape=True, color=method-wrapper(...), colorSpace='rgb', contrast=None, depth=-11.0, fillColor=array([0, 0, 0]), fillColorSpace='rgb', fillRGB=array([0, 0, 0]), interpolate=True, lineColor=array([0., 0., 0.]), lineColorSpace='rgb', lineRGB=array([0, 0, 0]), lineWidth=5.0, name='boxG', opacity=0.0, ori=0.0, pos=array([0.32, 0.25]), size=array([0.3 , 0.45]), units='height', vertices=ndarray(...), win=Window(...))
13.0020 	EXP 	Created box_outline2 = Rect(__class__=<class 'psychopy.visual.rect.Rect'>, anchor=('center', 'center'), autoDraw=False, autoLog=True, closeShape=True, color=method-wrapper(...), colorSpace='rgb', contrast=None, depth=-12.0, fillColor=array([-1, -1, -1]), fillColorSpace='rgb', fillRGB=array([-1, -1, -1]), interpolate=True, lineColor=array([-1., -1., -1.]), lineColorSpace='rgb', lineRGB=array([-1, -1, -1]), lineWidth=5.0, name='box_outline2', opacity=1.0, ori=0.0, pos=array([ 0.2, -0.3]), size=array([0.2, 0.2]), units='height', vertices=ndarray(...), win=Window(...))
13.0137 	EXP 	Created breakStart_txt = TextStim(__class__=<class 'psychopy.visual.text.TextStim'>, alignHoriz=method-wrapper(...), alignText='center', alignVert=method-wrapper(...), anchorHoriz='center', anchorVert='center', antialias=True, autoDraw=False, autoLog=True, bold=False, color=array([-1., -1., -1.]), colorSpace='rgb', contrast=1.0, depth=-1.0, flipHoriz=False, flipVert=False, font='Open Sans', fontFiles=[], height=0.07, italic=False, languageStyle='LTR', name='breakStart_txt', opacity=1.0, ori=0.0, pos=array([0., 0.]), rgb=UNKNOWN, text='End of the day.\n\nNew day starts soon.', units='height', win=Window(...), wrapWidth=1)
13.0202 	EXP 	Created reward_txt = TextStim(__class__=<class 'psychopy.visual.text.TextStim'>, alignHoriz=method-wrapper(...), alignText='center', alignVert=method-wrapper(...), anchorHoriz='center', anchorVert='center', antialias=True, autoDraw=False, autoLog=True, bold=False, color=array([-1., -1., -1.]), colorSpace='rgb', contrast=1.0, depth=0.0, flipHoriz=False, flipVert=False, font='Open Sans', fontFiles=[], height=0.07, italic=False, languageStyle='LTR', name='reward_txt', opacity=1.0, ori=0.0, pos=array([0., 0.]), rgb=UNKNOWN, text='Thank you!', units='height', win=Window(...), wrapWidth=1)
13.0477 	INFO 	Keyboard events cleared
13.0466 	EXP 	text_1a: autoDraw = True
13.0466 	EXP 	ins1_image: autoDraw = True
13.0466 	EXP 	text_1b: autoDraw = True
100.9776 	INFO 	Keyboard events cleared
100.9766 	EXP 	text_1a: autoDraw = False
100.9766 	EXP 	ins1_image: autoDraw = False
100.9766 	EXP 	text_1b: autoDraw = False
100.9766 	EXP 	text_2: autoDraw = True
100.9766 	EXP 	inst2_image: autoDraw = True
100.9924 	DATA 	Keypress: space
179.6032 	DATA 	Keypress: space
179.6219 	INFO 	Keyboard events cleared
179.6212 	EXP 	text_2: autoDraw = False
179.6212 	EXP 	inst2_image: autoDraw = False
179.6212 	EXP 	text_3: autoDraw = True
179.6212 	EXP 	inst3_image: autoDraw = True
183.6636 	DEBUG 	Read excel file with openpyxl: 1condition/practice.xlsx
183.6685 	EXP 	Imported 1condition/practice.xlsx as conditions, 20 conditions, 9 params
183.6694 	EXP 	Created sequence: sequential, trialTypes=20, nReps=1, seed=None
183.6698 	EXP 	New trial (rep=0, index=0): {'trial': 1, 'fish1_p': 'stimuli/bead_y.PNG', 'fish2_p': 'stimuli/blank.JPG', 'fish3_p': 'stimuli/blank.JPG', 'fish4_p': 'stimuli/blank.JPG', 'fish5_p': 'stimuli/blank.JPG', 'pond_p': 1, 'pond_p2': 2, 'pond_p3': 'up'}
183.7183 	DATA 	Keypress: space
183.7344 	EXP 	text_3: autoDraw = False
183.7344 	EXP 	inst3_image: autoDraw = False
183.7344 	EXP 	F1_2: image = 'stimuli/bead_y.PNG'
183.7344 	EXP 	F2_2: image = 'stimuli/blank.JPG'
183.7344 	EXP 	F3_2: image = 'stimuli/blank.JPG'
183.7344 	EXP 	F4_2: image = 'stimuli/blank.JPG'
183.7344 	EXP 	F5_2: image = 'stimuli/blank.JPG'
183.7344 	EXP 	pond_label_2: autoDraw = True
183.7344 	EXP 	jars_2: autoDraw = True
183.7344 	EXP 	arrow_2: autoDraw = True
183.7344 	EXP 	boy_2: autoDraw = True
183.7344 	EXP 	F2_2: autoDraw = True
183.7344 	EXP 	F3_2: autoDraw = True
183.7344 	EXP 	F4_2: autoDraw = True
183.7344 	EXP 	F5_2: autoDraw = True
183.7344 	EXP 	box_outline_2: autoDraw = True
183.7344 	EXP 	box_show_2: autoDraw = True
185.1679 	INFO 	Keyboard events cleared
185.1674 	EXP 	F1_2: autoDraw = True
185.2343 	EXP 	box_show_2: autoDraw = False
189.7411 	EXP 	window1: mouseVisible = True
189.7441 	DEBUG 	Saving data for FishGame ExperimentHandler
189.7458 	INFO 	saved data to /Users/janet/Desktop/Sinai_Projects/Code/fish-task-6B20T/data/99_FishGame_2023-07-24_14h17.42.831.psydat
189.7468 	INFO 	saved data to '/Users/janet/Desktop/Sinai_Projects/Code/fish-task-6B20T/data/99_FishGame_2023-07-24_14h17.42.831.csv'
