4.6876 	ERROR 	Support for the `sounddevice` audio backend is not available this session. Please install `psychopy-sounddevice` and restart the session to enable support.
8.5282 	INFO 	Loaded monitor calibration from ['2023_07_08 10:12']
8.5405 	WARNING 	User requested fullscreen with size [1536  864], but screen is actually [1920, 1200]. Using actual size
9.5213 	EXP 	Created window1 = Window(allowGUI=True, allowStencil=False, autoLog=True, backendConf=UNKNOWN, backgroundFit=<method-wrapper '__getattribute__' of attributeSetter object at 0x7f7dab3b5f40>, backgroundImage=<method-wrapper '__getattribute__' of attributeSetter object at 0x7f7dab3b5ee0>, bitsMode=UNKNOWN, blendMode='avg', bpc=(8, 8, 8), color=array([1., 1., 1.]), colorSpace='rgb', depthBits=8, fullscr=<method-wrapper '__getattribute__' of attributeSetter object at 0x7f7dab3b5d60>, gamma=None, gammaErrorPolicy='raise', lms=UNKNOWN, monitor=<psychopy.monitors.calibTools.Monitor object at 0x7f7dac817f40>, multiSample=False, name='window1', numSamples=2, pos=[0.0, 0.0], screen=0, size=array([1920, 1200]), stencilBits=0, stereo=False, units='height', useFBO=True, useRetina=False, viewOri=0.0, viewPos=None, viewScale=None, waitBlanking=True, winType='pyglet')
9.5215 	EXP 	window1: mouseVisible = True
9.5216 	EXP 	window1: backgroundImage = ''
9.5216 	EXP 	window1: backgroundFit = 'none'
9.5228 	EXP 	window1: mouseVisible = False
9.5229 	EXP 	window1: Attempting to measure frame rate of screen (0) ...
9.5229 	EXP 	window1: recordFrameIntervals = False
9.6873 	EXP 	window1: recordFrameIntervals = True
9.8740 	WARNING 	t of last frame was 20.00ms (=1/49)
9.9234 	WARNING 	t of last frame was 20.22ms (=1/49)
10.1244 	WARNING 	t of last frame was 20.75ms (=1/48)
10.1466 	WARNING 	t of last frame was 22.22ms (=1/45)
10.3546 	EXP 	Screen (0) actual frame rate measured at 60.17Hz
10.3546 	EXP 	window1: recordFrameIntervals = False
13.3240 	INFO 	keyboard.Keyboard is using iohub backend.
13.4044 	EXP 	Created text_1a = TextStim(__class__=<class 'psychopy.visual.text.TextStim'>, alignHoriz=method-wrapper(...), alignText='center', alignVert=method-wrapper(...), anchorHoriz='center', anchorVert='center', antialias=True, autoDraw=False, autoLog=True, bold=False, color=array([-1., -1., -1.]), colorSpace='rgb', contrast=1.0, depth=0.0, flipHoriz=False, flipVert=False, font='Open Sans', fontFiles=[], height=0.035, italic=False, languageStyle='LTR', name='text_1a', opacity=1.0, ori=0.0, pos=array([0.  , 0.35]), rgb=UNKNOWN, text=str(...), units='height', win=Window(...), wrapWidth=1)
13.4044 	INFO 	keyboard.Keyboard is using iohub backend.
13.4753 	EXP 	Created ins1_image = ImageStim(__class__=<class 'psychopy.visual.image.ImageStim'>, anchor=('center', 'center'), autoLog=True, color=array([1., 1., 1.]), colorSpace='rgb', contrast=1.0, depth=-2.0, flipHoriz=False, flipVert=False, image='stimuli/instruction_image.png', interpolate=True, mask=None, maskParams=None, name='ins1_image', opacity=1.0, ori=0.0, pos=array([0.  , 0.05]), size=array([0.6 , 0.35]), texRes=128.0, units='height', win=Window(...))
13.4959 	EXP 	Created text_1b = TextStim(__class__=<class 'psychopy.visual.text.TextStim'>, alignHoriz=method-wrapper(...), alignText='center', alignVert=method-wrapper(...), anchorHoriz='center', anchorVert='center', antialias=True, autoDraw=False, autoLog=True, bold=False, color=array([-1., -1., -1.]), colorSpace='rgb', contrast=1.0, depth=-3.0, flipHoriz=False, flipVert=False, font='Open Sans', fontFiles=[], height=0.035, italic=False, languageStyle='LTR', name='text_1b', opacity=1.0, ori=0.0, pos=array([ 0. , -0.3]), rgb=UNKNOWN, text=str(...), units='height', win=Window(...), wrapWidth=1)
13.5262 	EXP 	Created text_2 = TextStim(__class__=<class 'psychopy.visual.text.TextStim'>, alignHoriz=method-wrapper(...), alignText='center', alignVert=method-wrapper(...), anchorHoriz='center', anchorVert='center', antialias=True, autoDraw=False, autoLog=True, bold=False, color=array([-1., -1., -1.]), colorSpace='rgb', contrast=1.0, depth=0.0, flipHoriz=False, flipVert=False, font='Open Sans', fontFiles=[], height=0.05, italic=False, languageStyle='LTR', name='text_2', opacity=1.0, ori=0.0, pos=array([ 0. , -0.2]), rgb=UNKNOWN, text=str(...), units='height', win=Window(...), wrapWidth=1)
13.5262 	INFO 	keyboard.Keyboard is using iohub backend.
13.5809 	EXP 	Created inst2_image = ImageStim(__class__=<class 'psychopy.visual.image.ImageStim'>, anchor=('center', 'center'), autoLog=True, color=array([1., 1., 1.]), colorSpace='rgb', contrast=1.0, depth=-2.0, flipHoriz=False, flipVert=False, image='stimuli/instruction_image.png', interpolate=True, mask=None, maskParams=None, name='inst2_image', opacity=1.0, ori=0.0, pos=array([0.  , 0.25]), size=array([0.6 , 0.35]), texRes=128.0, units='height', win=Window(...))
13.6043 	EXP 	Created text_3 = TextStim(__class__=<class 'psychopy.visual.text.TextStim'>, alignHoriz=method-wrapper(...), alignText='center', alignVert=method-wrapper(...), anchorHoriz='center', anchorVert='center', antialias=True, autoDraw=False, autoLog=True, bold=False, color=array([-1., -1., -1.]), colorSpace='rgb', contrast=1.0, depth=0.0, flipHoriz=False, flipVert=False, font='Open Sans', fontFiles=[], height=0.05, italic=False, languageStyle='LTR', name='text_3', opacity=1.0, ori=0.0, pos=array([0., 0.]), rgb=UNKNOWN, text=str(...), units='height', win=Window(...), wrapWidth=1)
13.6044 	INFO 	keyboard.Keyboard is using iohub backend.
13.6069 	EXP 	Created pond_label_2 = TextStim(__class__=<class 'psychopy.visual.text.TextStim'>, alignHoriz=method-wrapper(...), alignText='center', alignVert=method-wrapper(...), anchorHoriz='center', anchorVert='center', antialias=True, autoDraw=False, autoLog=True, bold=False, color=array([-1., -1., -1.]), colorSpace='rgb', contrast=1.0, depth=-1.0, flipHoriz=False, flipVert=False, font='Open Sans', fontFiles=[], height=0.1, italic=False, languageStyle='LTR', name='pond_label_2', opacity=1.0, ori=0.0, pos=array([ 0. , -0.1]), rgb=UNKNOWN, text='', units='height', win=Window(...), wrapWidth=1)
13.6682 	EXP 	Created jars_2 = ImageStim(__class__=<class 'psychopy.visual.image.ImageStim'>, anchor=('center', 'center'), autoLog=True, color=array([1., 1., 1.]), colorSpace='rgb', contrast=1.0, depth=-2.0, flipHoriz=False, flipVert=False, image='stimuli/jars.PNG', interpolate=False, mask=None, maskParams=None, name='jars_2', opacity=1.0, ori=0.0, pos=array([0.  , 0.25]), size=array([1. , 0.5]), texRes=128.0, units='height', win=Window(...))
13.6926 	EXP 	Created arrow_2 = ImageStim(__class__=<class 'psychopy.visual.image.ImageStim'>, anchor=('center', 'center'), autoLog=True, color=array([1., 1., 1.]), colorSpace='rgb', contrast=1.0, depth=-3.0, flipHoriz=False, flipVert=False, image='stimuli/arrow.png', interpolate=True, mask=None, maskParams=None, name='arrow_2', opacity=1.0, ori=0.0, pos=array([ 0.5, -0.3]), size=array([0.2, 0.2]), texRes=128.0, units='height', win=Window(...))
13.7173 	EXP 	Created boy_2 = ImageStim(__class__=<class 'psychopy.visual.image.ImageStim'>, anchor=('center', 'center'), autoLog=True, color=array([1., 1., 1.]), colorSpace='rgb', contrast=1.0, depth=-4.0, flipHoriz=False, flipVert=False, image='stimuli/clear-jar.PNG', interpolate=True, mask=None, maskParams=None, name='boy_2', opacity=1.0, ori=0.0, pos=array([ 0.75, -0.3 ]), size=array([0.2, 0.2]), texRes=128.0, units='height', win=Window(...))
13.7367 	EXP 	Created F1_2 = ImageStim(__class__=<class 'psychopy.visual.image.ImageStim'>, anchor=('center', 'center'), autoLog=True, color=array([1., 1., 1.]), colorSpace='rgb', contrast=1.0, depth=-5.0, flipHoriz=False, flipVert=False, image='default.png', interpolate=True, mask=None, maskParams=None, name='F1_2', opacity=1.0, ori=0.0, pos=array([ 0.2, -0.3]), size=array([0.15, 0.15]), texRes=128.0, units='height', win=Window(...))
13.7546 	EXP 	Created F2_2 = ImageStim(__class__=<class 'psychopy.visual.image.ImageStim'>, anchor=('center', 'center'), autoLog=True, color=array([1., 1., 1.]), colorSpace='rgb', contrast=1.0, depth=-6.0, flipHoriz=False, flipVert=False, image='default.png', interpolate=True, mask=None, maskParams=None, name='F2_2', opacity=1.0, ori=0.0, pos=array([ 0. , -0.3]), size=array([0.15, 0.15]), texRes=128.0, units='height', win=Window(...))
13.7759 	EXP 	Created F3_2 = ImageStim(__class__=<class 'psychopy.visual.image.ImageStim'>, anchor=('center', 'center'), autoLog=True, color=array([1., 1., 1.]), colorSpace='rgb', contrast=1.0, depth=-7.0, flipHoriz=False, flipVert=False, image='default.png', interpolate=True, mask=None, maskParams=None, name='F3_2', opacity=1.0, ori=0.0, pos=array([-0.2, -0.3]), size=array([0.15, 0.15]), texRes=128.0, units='height', win=Window(...))
13.7940 	EXP 	Created F4_2 = ImageStim(__class__=<class 'psychopy.visual.image.ImageStim'>, anchor=('center', 'center'), autoLog=True, color=array([1., 1., 1.]), colorSpace='rgb', contrast=1.0, depth=-8.0, flipHoriz=False, flipVert=False, image='default.png', interpolate=True, mask=None, maskParams=None, name='F4_2', opacity=1.0, ori=0.0, pos=array([-0.4, -0.3]), size=array([0.15, 0.15]), texRes=128.0, units='height', win=Window(...))
13.8126 	EXP 	Created F5_2 = ImageStim(__class__=<class 'psychopy.visual.image.ImageStim'>, anchor=('center', 'center'), autoLog=True, color=array([1., 1., 1.]), colorSpace='rgb', contrast=1.0, depth=-9.0, flipHoriz=False, flipVert=False, image='default.png', interpolate=True, mask=None, maskParams=None, name='F5_2', opacity=1.0, ori=0.0, pos=array([-0.6, -0.3]), size=array([0.15, 0.15]), texRes=128.0, units='height', win=Window(...))
13.8169 	EXP 	Created box_outline_2 = Rect(__class__=<class 'psychopy.visual.rect.Rect'>, anchor=('center', 'center'), autoDraw=False, autoLog=True, closeShape=True, color=method-wrapper(...), colorSpace='rgb', contrast=None, depth=-10.0, fillColor=array([0, 0, 0]), fillColorSpace='rgb', fillRGB=array([0, 0, 0]), interpolate=True, lineColor=array([-1., -1., -1.]), lineColorSpace='rgb', lineRGB=array([-1, -1, -1]), lineWidth=5.0, name='box_outline_2', opacity=0.5, ori=0.0, pos=array([ 0.2, -0.3]), size=array([0.2, 0.2]), units='height', vertices=ndarray(...), win=Window(...))
13.8197 	EXP 	Created box_show_2 = Rect(__class__=<class 'psychopy.visual.rect.Rect'>, anchor=('center', 'center'), autoDraw=False, autoLog=True, closeShape=True, color=method-wrapper(...), colorSpace='rgb', contrast=None, depth=-11.0, fillColor=array([-1, -1, -1]), fillColorSpace='rgb', fillRGB=array([-1, -1, -1]), interpolate=True, lineColor=array([-1., -1., -1.]), lineColorSpace='rgb', lineRGB=array([-1, -1, -1]), lineWidth=5.0, name='box_show_2', opacity=1.0, ori=0.0, pos=array([ 0.2, -0.3]), size=array([0.2, 0.2]), units='height', vertices=ndarray(...), win=Window(...))
13.8198 	INFO 	keyboard.Keyboard is using iohub backend.
13.8215 	EXP 	Created pond_label2_2 = TextStim(__class__=<class 'psychopy.visual.text.TextStim'>, alignHoriz=method-wrapper(...), alignText='center', alignVert=method-wrapper(...), anchorHoriz='center', anchorVert='center', antialias=True, autoDraw=False, autoLog=True, bold=False, color=array([-1., -1., -1.]), colorSpace='rgb', contrast=1.0, depth=-1.0, flipHoriz=False, flipVert=False, font='Open Sans', fontFiles=[], height=0.1, italic=False, languageStyle='LTR', name='pond_label2_2', opacity=1.0, ori=0.0, pos=array([ 0. , -0.1]), rgb=UNKNOWN, text='', units='height', win=Window(...), wrapWidth=1)
13.8788 	EXP 	Created jars2_2 = ImageStim(__class__=<class 'psychopy.visual.image.ImageStim'>, anchor=('center', 'center'), autoLog=True, color=array([1., 1., 1.]), colorSpace='rgb', contrast=1.0, depth=-2.0, flipHoriz=False, flipVert=False, image='stimuli/jars.PNG', interpolate=False, mask=None, maskParams=None, name='jars2_2', opacity=1.0, ori=0.0, pos=array([0.  , 0.25]), size=array([1. , 0.5]), texRes=128.0, units='height', win=Window(...))
13.8982 	EXP 	Created arrow2_2 = ImageStim(__class__=<class 'psychopy.visual.image.ImageStim'>, anchor=('center', 'center'), autoLog=True, color=array([1., 1., 1.]), colorSpace='rgb', contrast=1.0, depth=-3.0, flipHoriz=False, flipVert=False, image='stimuli/arrow.png', interpolate=True, mask=None, maskParams=None, name='arrow2_2', opacity=1.0, ori=0.0, pos=array([ 0.5, -0.3]), size=array([0.2, 0.2]), texRes=128.0, units='height', win=Window(...))
13.9194 	EXP 	Created boy2_2 = ImageStim(__class__=<class 'psychopy.visual.image.ImageStim'>, anchor=('center', 'center'), autoLog=True, color=array([1., 1., 1.]), colorSpace='rgb', contrast=1.0, depth=-4.0, flipHoriz=False, flipVert=False, image='stimuli/clear-jar.PNG', interpolate=True, mask=None, maskParams=None, name='boy2_2', opacity=1.0, ori=0.0, pos=array([ 0.75, -0.3 ]), size=array([0.2, 0.2]), texRes=128.0, units='height', win=Window(...))
13.9393 	EXP 	Created f1_2 = ImageStim(__class__=<class 'psychopy.visual.image.ImageStim'>, anchor=('center', 'center'), autoLog=True, color=array([1., 1., 1.]), colorSpace='rgb', contrast=1.0, depth=-5.0, flipHoriz=False, flipVert=False, image='default.png', interpolate=True, mask=None, maskParams=None, name='f1_2', opacity=1.0, ori=0.0, pos=array([ 0.2, -0.3]), size=array([0.15, 0.15]), texRes=128.0, units='height', win=Window(...))
13.9575 	EXP 	Created f2_2 = ImageStim(__class__=<class 'psychopy.visual.image.ImageStim'>, anchor=('center', 'center'), autoLog=True, color=array([1., 1., 1.]), colorSpace='rgb', contrast=1.0, depth=-6.0, flipHoriz=False, flipVert=False, image='default.png', interpolate=True, mask=None, maskParams=None, name='f2_2', opacity=1.0, ori=0.0, pos=array([ 0. , -0.3]), size=array([0.15, 0.15]), texRes=128.0, units='height', win=Window(...))
13.9755 	EXP 	Created f3_2 = ImageStim(__class__=<class 'psychopy.visual.image.ImageStim'>, anchor=('center', 'center'), autoLog=True, color=array([1., 1., 1.]), colorSpace='rgb', contrast=1.0, depth=-7.0, flipHoriz=False, flipVert=False, image='default.png', interpolate=True, mask=None, maskParams=None, name='f3_2', opacity=1.0, ori=0.0, pos=array([-0.2, -0.3]), size=array([0.15, 0.15]), texRes=128.0, units='height', win=Window(...))
13.9933 	EXP 	Created f4_2 = ImageStim(__class__=<class 'psychopy.visual.image.ImageStim'>, anchor=('center', 'center'), autoLog=True, color=array([1., 1., 1.]), colorSpace='rgb', contrast=1.0, depth=-8.0, flipHoriz=False, flipVert=False, image='default.png', interpolate=True, mask=None, maskParams=None, name='f4_2', opacity=1.0, ori=0.0, pos=array([-0.4, -0.3]), size=array([0.15, 0.15]), texRes=128.0, units='height', win=Window(...))
14.0116 	EXP 	Created f5_2 = ImageStim(__class__=<class 'psychopy.visual.image.ImageStim'>, anchor=('center', 'center'), autoLog=True, color=array([1., 1., 1.]), colorSpace='rgb', contrast=1.0, depth=-9.0, flipHoriz=False, flipVert=False, image='default.png', interpolate=True, mask=None, maskParams=None, name='f5_2', opacity=1.0, ori=0.0, pos=array([-0.6, -0.3]), size=array([0.15, 0.15]), texRes=128.0, units='height', win=Window(...))
14.0140 	EXP 	Created boxB_2 = Rect(__class__=<class 'psychopy.visual.rect.Rect'>, anchor=('center', 'center'), autoDraw=False, autoLog=True, closeShape=True, color=method-wrapper(...), colorSpace='rgb', contrast=None, depth=-10.0, fillColor=array([0, 0, 0]), fillColorSpace='rgb', fillRGB=array([0, 0, 0]), interpolate=True, lineColor=array([0., 0., 0.]), lineColorSpace='rgb', lineRGB=array([0, 0, 0]), lineWidth=5.0, name='boxB_2', opacity=0.0, ori=0.0, pos=array([-0.32,  0.25]), size=array([0.3 , 0.45]), units='height', vertices=ndarray(...), win=Window(...))
14.0161 	EXP 	Created boxY_2 = Rect(__class__=<class 'psychopy.visual.rect.Rect'>, anchor=('center', 'center'), autoDraw=False, autoLog=True, closeShape=True, color=method-wrapper(...), colorSpace='rgb', contrast=None, depth=-11.0, fillColor=array([0, 0, 0]), fillColorSpace='rgb', fillRGB=array([0, 0, 0]), interpolate=True, lineColor=array([0., 0., 0.]), lineColorSpace='rgb', lineRGB=array([0, 0, 0]), lineWidth=5.0, name='boxY_2', opacity=0.0, ori=0.0, pos=array([0.  , 0.25]), size=array([0.3 , 0.45]), units='height', vertices=ndarray(...), win=Window(...))
14.0188 	EXP 	Created boxG_2 = Rect(__class__=<class 'psychopy.visual.rect.Rect'>, anchor=('center', 'center'), autoDraw=False, autoLog=True, closeShape=True, color=method-wrapper(...), colorSpace='rgb', contrast=None, depth=-12.0, fillColor=array([0, 0, 0]), fillColorSpace='rgb', fillRGB=array([0, 0, 0]), interpolate=True, lineColor=array([0., 0., 0.]), lineColorSpace='rgb', lineRGB=array([0, 0, 0]), lineWidth=5.0, name='boxG_2', opacity=0.0, ori=0.0, pos=array([0.32, 0.25]), size=array([0.3 , 0.45]), units='height', vertices=ndarray(...), win=Window(...))
14.0211 	EXP 	Created box_outline2_2 = Rect(__class__=<class 'psychopy.visual.rect.Rect'>, anchor=('center', 'center'), autoDraw=False, autoLog=True, closeShape=True, color=method-wrapper(...), colorSpace='rgb', contrast=None, depth=-13.0, fillColor=array([-1, -1, -1]), fillColorSpace='rgb', fillRGB=array([-1, -1, -1]), interpolate=True, lineColor=array([-1., -1., -1.]), lineColorSpace='rgb', lineRGB=array([-1, -1, -1]), lineWidth=5.0, name='box_outline2_2', opacity=1.0, ori=0.0, pos=array([ 0.2, -0.3]), size=array([0.2, 0.2]), units='height', vertices=ndarray(...), win=Window(...))
14.0574 	EXP 	Created Begin_txt = TextStim(__class__=<class 'psychopy.visual.text.TextStim'>, alignHoriz=method-wrapper(...), alignText='center', alignVert=method-wrapper(...), anchorHoriz='center', anchorVert='center', antialias=True, autoDraw=False, autoLog=True, bold=False, color=array([-1., -1., -1.]), colorSpace='rgb', contrast=1.0, depth=0.0, flipHoriz=False, flipVert=False, font='Open Sans', fontFiles=[], height=0.07, italic=False, languageStyle='LTR', name='Begin_txt', opacity=1.0, ori=0.0, pos=array([0., 0.]), rgb=UNKNOWN, text=str(...), units='height', win=Window(...), wrapWidth=1)
14.0574 	INFO 	keyboard.Keyboard is using iohub backend.
14.0590 	EXP 	Created pond_label = TextStim(__class__=<class 'psychopy.visual.text.TextStim'>, alignHoriz=method-wrapper(...), alignText='center', alignVert=method-wrapper(...), anchorHoriz='center', anchorVert='center', antialias=True, autoDraw=False, autoLog=True, bold=False, color=array([-1., -1., -1.]), colorSpace='rgb', contrast=1.0, depth=-1.0, flipHoriz=False, flipVert=False, font='Open Sans', fontFiles=[], height=0.1, italic=False, languageStyle='LTR', name='pond_label', opacity=1.0, ori=0.0, pos=array([ 0. , -0.1]), rgb=UNKNOWN, text='', units='height', win=Window(...), wrapWidth=1)
14.1182 	EXP 	Created jars = ImageStim(__class__=<class 'psychopy.visual.image.ImageStim'>, anchor=('center', 'center'), autoLog=True, color=array([1., 1., 1.]), colorSpace='rgb', contrast=1.0, depth=-2.0, flipHoriz=False, flipVert=False, image='stimuli/jars.PNG', interpolate=False, mask=None, maskParams=None, name='jars', opacity=1.0, ori=0.0, pos=array([0.  , 0.25]), size=array([1. , 0.5]), texRes=128.0, units='height', win=Window(...))
14.1363 	EXP 	Created arrow = ImageStim(__class__=<class 'psychopy.visual.image.ImageStim'>, anchor=('center', 'center'), autoLog=True, color=array([1., 1., 1.]), colorSpace='rgb', contrast=1.0, depth=-3.0, flipHoriz=False, flipVert=False, image='stimuli/arrow.png', interpolate=True, mask=None, maskParams=None, name='arrow', opacity=1.0, ori=0.0, pos=array([ 0.5, -0.3]), size=array([0.2, 0.2]), texRes=128.0, units='height', win=Window(...))
14.1573 	EXP 	Created boy = ImageStim(__class__=<class 'psychopy.visual.image.ImageStim'>, anchor=('center', 'center'), autoLog=True, color=array([1., 1., 1.]), colorSpace='rgb', contrast=1.0, depth=-4.0, flipHoriz=False, flipVert=False, image='stimuli/clear-jar.PNG', interpolate=True, mask=None, maskParams=None, name='boy', opacity=1.0, ori=0.0, pos=array([ 0.75, -0.3 ]), size=array([0.2, 0.2]), texRes=128.0, units='height', win=Window(...))
14.1789 	EXP 	Created F1 = ImageStim(__class__=<class 'psychopy.visual.image.ImageStim'>, anchor=('center', 'center'), autoLog=True, color=array([1., 1., 1.]), colorSpace='rgb', contrast=1.0, depth=-5.0, flipHoriz=False, flipVert=False, image='default.png', interpolate=True, mask=None, maskParams=None, name='F1', opacity=1.0, ori=0.0, pos=array([ 0.2, -0.3]), size=array([0.15, 0.15]), texRes=128.0, units='height', win=Window(...))
14.1969 	EXP 	Created F2 = ImageStim(__class__=<class 'psychopy.visual.image.ImageStim'>, anchor=('center', 'center'), autoLog=True, color=array([1., 1., 1.]), colorSpace='rgb', contrast=1.0, depth=-6.0, flipHoriz=False, flipVert=False, image='default.png', interpolate=True, mask=None, maskParams=None, name='F2', opacity=1.0, ori=0.0, pos=array([ 0. , -0.3]), size=array([0.15, 0.15]), texRes=128.0, units='height', win=Window(...))
14.2154 	EXP 	Created F3 = ImageStim(__class__=<class 'psychopy.visual.image.ImageStim'>, anchor=('center', 'center'), autoLog=True, color=array([1., 1., 1.]), colorSpace='rgb', contrast=1.0, depth=-7.0, flipHoriz=False, flipVert=False, image='default.png', interpolate=True, mask=None, maskParams=None, name='F3', opacity=1.0, ori=0.0, pos=array([-0.2, -0.3]), size=array([0.15, 0.15]), texRes=128.0, units='height', win=Window(...))
14.2335 	EXP 	Created F4 = ImageStim(__class__=<class 'psychopy.visual.image.ImageStim'>, anchor=('center', 'center'), autoLog=True, color=array([1., 1., 1.]), colorSpace='rgb', contrast=1.0, depth=-8.0, flipHoriz=False, flipVert=False, image='default.png', interpolate=True, mask=None, maskParams=None, name='F4', opacity=1.0, ori=0.0, pos=array([-0.4, -0.3]), size=array([0.15, 0.15]), texRes=128.0, units='height', win=Window(...))
14.2556 	EXP 	Created F5 = ImageStim(__class__=<class 'psychopy.visual.image.ImageStim'>, anchor=('center', 'center'), autoLog=True, color=array([1., 1., 1.]), colorSpace='rgb', contrast=1.0, depth=-9.0, flipHoriz=False, flipVert=False, image='default.png', interpolate=True, mask=None, maskParams=None, name='F5', opacity=1.0, ori=0.0, pos=array([-0.6, -0.3]), size=array([0.15, 0.15]), texRes=128.0, units='height', win=Window(...))
14.2579 	EXP 	Created box_outline = Rect(__class__=<class 'psychopy.visual.rect.Rect'>, anchor=('center', 'center'), autoDraw=False, autoLog=True, closeShape=True, color=method-wrapper(...), colorSpace='rgb', contrast=None, depth=-10.0, fillColor=array([0, 0, 0]), fillColorSpace='rgb', fillRGB=array([0, 0, 0]), interpolate=True, lineColor=array([-1., -1., -1.]), lineColorSpace='rgb', lineRGB=array([-1, -1, -1]), lineWidth=5.0, name='box_outline', opacity=0.5, ori=0.0, pos=array([ 0.2, -0.3]), size=array([0.2, 0.2]), units='height', vertices=ndarray(...), win=Window(...))
14.2601 	EXP 	Created box_show = Rect(__class__=<class 'psychopy.visual.rect.Rect'>, anchor=('center', 'center'), autoDraw=False, autoLog=True, closeShape=True, color=method-wrapper(...), colorSpace='rgb', contrast=None, depth=-11.0, fillColor=array([-1, -1, -1]), fillColorSpace='rgb', fillRGB=array([-1, -1, -1]), interpolate=True, lineColor=array([-1., -1., -1.]), lineColorSpace='rgb', lineRGB=array([-1, -1, -1]), lineWidth=5.0, name='box_show', opacity=1.0, ori=0.0, pos=array([ 0.2, -0.3]), size=array([0.2, 0.2]), units='height', vertices=ndarray(...), win=Window(...))
14.2602 	INFO 	keyboard.Keyboard is using iohub backend.
14.3165 	EXP 	Created jars2 = ImageStim(__class__=<class 'psychopy.visual.image.ImageStim'>, anchor=('center', 'center'), autoLog=True, color=array([1., 1., 1.]), colorSpace='rgb', contrast=1.0, depth=-1.0, flipHoriz=False, flipVert=False, image='stimuli/jars.PNG', interpolate=False, mask=None, maskParams=None, name='jars2', opacity=1.0, ori=0.0, pos=array([0.  , 0.25]), size=array([1. , 0.5]), texRes=128.0, units='height', win=Window(...))
14.3387 	EXP 	Created arrow2 = ImageStim(__class__=<class 'psychopy.visual.image.ImageStim'>, anchor=('center', 'center'), autoLog=True, color=array([1., 1., 1.]), colorSpace='rgb', contrast=1.0, depth=-2.0, flipHoriz=False, flipVert=False, image='stimuli/arrow.png', interpolate=True, mask=None, maskParams=None, name='arrow2', opacity=1.0, ori=0.0, pos=array([ 0.5, -0.3]), size=array([0.2, 0.2]), texRes=128.0, units='height', win=Window(...))
14.3598 	EXP 	Created boy2 = ImageStim(__class__=<class 'psychopy.visual.image.ImageStim'>, anchor=('center', 'center'), autoLog=True, color=array([1., 1., 1.]), colorSpace='rgb', contrast=1.0, depth=-3.0, flipHoriz=False, flipVert=False, image='stimuli/clear-jar.PNG', interpolate=True, mask=None, maskParams=None, name='boy2', opacity=1.0, ori=0.0, pos=array([ 0.75, -0.3 ]), size=array([0.2, 0.2]), texRes=128.0, units='height', win=Window(...))
14.3797 	EXP 	Created f1 = ImageStim(__class__=<class 'psychopy.visual.image.ImageStim'>, anchor=('center', 'center'), autoLog=True, color=array([1., 1., 1.]), colorSpace='rgb', contrast=1.0, depth=-4.0, flipHoriz=False, flipVert=False, image='default.png', interpolate=True, mask=None, maskParams=None, name='f1', opacity=1.0, ori=0.0, pos=array([ 0.2, -0.3]), size=array([0.15, 0.15]), texRes=128.0, units='height', win=Window(...))
14.3980 	EXP 	Created f2 = ImageStim(__class__=<class 'psychopy.visual.image.ImageStim'>, anchor=('center', 'center'), autoLog=True, color=array([1., 1., 1.]), colorSpace='rgb', contrast=1.0, depth=-5.0, flipHoriz=False, flipVert=False, image='default.png', interpolate=True, mask=None, maskParams=None, name='f2', opacity=1.0, ori=0.0, pos=array([ 0. , -0.3]), size=array([0.15, 0.15]), texRes=128.0, units='height', win=Window(...))
14.4169 	EXP 	Created f3 = ImageStim(__class__=<class 'psychopy.visual.image.ImageStim'>, anchor=('center', 'center'), autoLog=True, color=array([1., 1., 1.]), colorSpace='rgb', contrast=1.0, depth=-6.0, flipHoriz=False, flipVert=False, image='default.png', interpolate=True, mask=None, maskParams=None, name='f3', opacity=1.0, ori=0.0, pos=array([-0.2, -0.3]), size=array([0.15, 0.15]), texRes=128.0, units='height', win=Window(...))
14.4374 	EXP 	Created f4 = ImageStim(__class__=<class 'psychopy.visual.image.ImageStim'>, anchor=('center', 'center'), autoLog=True, color=array([1., 1., 1.]), colorSpace='rgb', contrast=1.0, depth=-7.0, flipHoriz=False, flipVert=False, image='default.png', interpolate=True, mask=None, maskParams=None, name='f4', opacity=1.0, ori=0.0, pos=array([-0.4, -0.3]), size=array([0.15, 0.15]), texRes=128.0, units='height', win=Window(...))
14.4556 	EXP 	Created f5 = ImageStim(__class__=<class 'psychopy.visual.image.ImageStim'>, anchor=('center', 'center'), autoLog=True, color=array([1., 1., 1.]), colorSpace='rgb', contrast=1.0, depth=-8.0, flipHoriz=False, flipVert=False, image='default.png', interpolate=True, mask=None, maskParams=None, name='f5', opacity=1.0, ori=0.0, pos=array([-0.6, -0.3]), size=array([0.15, 0.15]), texRes=128.0, units='height', win=Window(...))
14.4580 	EXP 	Created boxB = Rect(__class__=<class 'psychopy.visual.rect.Rect'>, anchor=('center', 'center'), autoDraw=False, autoLog=True, closeShape=True, color=method-wrapper(...), colorSpace='rgb', contrast=None, depth=-9.0, fillColor=array([0, 0, 0]), fillColorSpace='rgb', fillRGB=array([0, 0, 0]), interpolate=True, lineColor=array([0., 0., 0.]), lineColorSpace='rgb', lineRGB=array([0, 0, 0]), lineWidth=5.0, name='boxB', opacity=0.0, ori=0.0, pos=array([-0.32,  0.25]), size=array([0.3 , 0.45]), units='height', vertices=ndarray(...), win=Window(...))
14.4601 	EXP 	Created boxY = Rect(__class__=<class 'psychopy.visual.rect.Rect'>, anchor=('center', 'center'), autoDraw=False, autoLog=True, closeShape=True, color=method-wrapper(...), colorSpace='rgb', contrast=None, depth=-10.0, fillColor=array([0, 0, 0]), fillColorSpace='rgb', fillRGB=array([0, 0, 0]), interpolate=True, lineColor=array([0., 0., 0.]), lineColorSpace='rgb', lineRGB=array([0, 0, 0]), lineWidth=5.0, name='boxY', opacity=0.0, ori=0.0, pos=array([0.  , 0.25]), size=array([0.3 , 0.45]), units='height', vertices=ndarray(...), win=Window(...))
14.4622 	EXP 	Created boxG = Rect(__class__=<class 'psychopy.visual.rect.Rect'>, anchor=('center', 'center'), autoDraw=False, autoLog=True, closeShape=True, color=method-wrapper(...), colorSpace='rgb', contrast=None, depth=-11.0, fillColor=array([0, 0, 0]), fillColorSpace='rgb', fillRGB=array([0, 0, 0]), interpolate=True, lineColor=array([0., 0., 0.]), lineColorSpace='rgb', lineRGB=array([0, 0, 0]), lineWidth=5.0, name='boxG', opacity=0.0, ori=0.0, pos=array([0.32, 0.25]), size=array([0.3 , 0.45]), units='height', vertices=ndarray(...), win=Window(...))
14.4644 	EXP 	Created box_outline2 = Rect(__class__=<class 'psychopy.visual.rect.Rect'>, anchor=('center', 'center'), autoDraw=False, autoLog=True, closeShape=True, color=method-wrapper(...), colorSpace='rgb', contrast=None, depth=-12.0, fillColor=array([-1, -1, -1]), fillColorSpace='rgb', fillRGB=array([-1, -1, -1]), interpolate=True, lineColor=array([-1., -1., -1.]), lineColorSpace='rgb', lineRGB=array([-1, -1, -1]), lineWidth=5.0, name='box_outline2', opacity=1.0, ori=0.0, pos=array([ 0.2, -0.3]), size=array([0.2, 0.2]), units='height', vertices=ndarray(...), win=Window(...))
14.4707 	EXP 	Created breakStart_txt = TextStim(__class__=<class 'psychopy.visual.text.TextStim'>, alignHoriz=method-wrapper(...), alignText='center', alignVert=method-wrapper(...), anchorHoriz='center', anchorVert='center', antialias=True, autoDraw=False, autoLog=True, bold=False, color=array([-1., -1., -1.]), colorSpace='rgb', contrast=1.0, depth=-1.0, flipHoriz=False, flipVert=False, font='Open Sans', fontFiles=[], height=0.07, italic=False, languageStyle='LTR', name='breakStart_txt', opacity=1.0, ori=0.0, pos=array([0., 0.]), rgb=UNKNOWN, text='End of the day.\n\nNew day starts soon.', units='height', win=Window(...), wrapWidth=1)
14.4779 	EXP 	Created reward_txt = TextStim(__class__=<class 'psychopy.visual.text.TextStim'>, alignHoriz=method-wrapper(...), alignText='center', alignVert=method-wrapper(...), anchorHoriz='center', anchorVert='center', antialias=True, autoDraw=False, autoLog=True, bold=False, color=array([-1., -1., -1.]), colorSpace='rgb', contrast=1.0, depth=0.0, flipHoriz=False, flipVert=False, font='Open Sans', fontFiles=[], height=0.07, italic=False, languageStyle='LTR', name='reward_txt', opacity=1.0, ori=0.0, pos=array([0., 0.]), rgb=UNKNOWN, text='Thank you!', units='height', win=Window(...), wrapWidth=1)
14.5026 	INFO 	Keyboard events cleared
14.5018 	EXP 	text_1a: autoDraw = True
14.5018 	EXP 	ins1_image: autoDraw = True
14.5018 	EXP 	text_1b: autoDraw = True
18.5196 	DATA 	Keypress: space
18.5269 	INFO 	Keyboard events cleared
18.5262 	EXP 	text_1a: autoDraw = False
18.5262 	EXP 	ins1_image: autoDraw = False
18.5262 	EXP 	text_1b: autoDraw = False
18.5262 	EXP 	text_2: autoDraw = True
18.5262 	EXP 	inst2_image: autoDraw = True
39.7139 	DATA 	Keypress: space
39.7218 	INFO 	Keyboard events cleared
39.7214 	EXP 	text_2: autoDraw = False
39.7214 	EXP 	inst2_image: autoDraw = False
39.7214 	EXP 	text_3: autoDraw = True
41.5663 	DEBUG 	Read excel file with openpyxl: 1condition/practice.xlsx
41.5716 	EXP 	Imported 1condition/practice.xlsx as conditions, 20 conditions, 9 params
41.5725 	EXP 	Created sequence: sequential, trialTypes=20, nReps=1, seed=None
41.5729 	EXP 	New trial (rep=0, index=0): {'trial': 1, 'fish1_p': 'stimuli/bead_y.PNG', 'fish2_p': 'stimuli/blank.JPG', 'fish3_p': 'stimuli/blank.JPG', 'fish4_p': 'stimuli/blank.JPG', 'fish5_p': 'stimuli/blank.JPG', 'pond_p': 1, 'pond_p2': 2, 'pond_p3': 'up'}
41.6218 	DATA 	Keypress: escape
41.6342 	EXP 	text_3: autoDraw = False
41.6342 	EXP 	F1_2: image = 'stimuli/bead_y.PNG'
41.6342 	EXP 	F2_2: image = 'stimuli/blank.JPG'
41.6342 	EXP 	F3_2: image = 'stimuli/blank.JPG'
41.6342 	EXP 	F4_2: image = 'stimuli/blank.JPG'
41.6342 	EXP 	F5_2: image = 'stimuli/blank.JPG'
41.6342 	EXP 	pond_label_2: autoDraw = True
41.6342 	EXP 	jars_2: autoDraw = True
41.6342 	EXP 	arrow_2: autoDraw = True
41.6342 	EXP 	boy_2: autoDraw = True
41.6342 	EXP 	F2_2: autoDraw = True
41.6342 	EXP 	F3_2: autoDraw = True
41.6342 	EXP 	F4_2: autoDraw = True
41.6342 	EXP 	F5_2: autoDraw = True
41.6342 	EXP 	box_outline_2: autoDraw = True
41.6342 	EXP 	box_show_2: autoDraw = True
42.3425 	EXP 	window1: mouseVisible = True
42.3427 	DEBUG 	Saving data for FishGame ExperimentHandler
42.3439 	INFO 	saved data to /Users/janet/Desktop/Sinai_Projects/Code/fish-task-6B20T/data/99_FishGame_2023-07-24_11h11.18.118.psydat
42.3449 	INFO 	saved data to '/Users/janet/Desktop/Sinai_Projects/Code/fish-task-6B20T/data/99_FishGame_2023-07-24_11h11.18.118.csv'
