3.8869 	ERROR 	Support for the `sounddevice` audio backend is not available this session. Please install `psychopy-sounddevice` and restart the session to enable support.
8.1611 	INFO 	Loaded monitor calibration from ['2023_07_08 10:12']
8.1762 	WARNING 	User requested fullscreen with size [1536  864], but screen is actually [1920, 1200]. Using actual size
9.1320 	EXP 	Created window1 = Window(allowGUI=True, allowStencil=False, autoLog=True, backendConf=UNKNOWN, backgroundFit=<method-wrapper '__getattribute__' of attributeSetter object at 0x7fddbcfa0fd0>, backgroundImage=<method-wrapper '__getattribute__' of attributeSetter object at 0x7fddbcfa0f70>, bitsMode=UNKNOWN, blendMode='avg', bpc=(8, 8, 8), color=array([1., 1., 1.]), colorSpace='rgb', depthBits=8, fullscr=<method-wrapper '__getattribute__' of attributeSetter object at 0x7fddbcfa0df0>, gamma=None, gammaErrorPolicy='raise', lms=UNKNOWN, monitor=<psychopy.monitors.calibTools.Monitor object at 0x7fddc19aee20>, multiSample=False, name='window1', numSamples=2, pos=[0.0, 0.0], screen=0, size=array([1920, 1200]), stencilBits=0, stereo=False, units='height', useFBO=True, useRetina=False, viewOri=0.0, viewPos=None, viewScale=None, waitBlanking=True, winType='pyglet')
9.1322 	EXP 	window1: mouseVisible = True
9.1322 	EXP 	window1: backgroundImage = ''
9.1323 	EXP 	window1: backgroundFit = 'none'
9.1335 	EXP 	window1: mouseVisible = False
9.1335 	EXP 	window1: Attempting to measure frame rate of screen (0) ...
9.1335 	EXP 	window1: recordFrameIntervals = False
9.2978 	EXP 	window1: recordFrameIntervals = True
9.4820 	EXP 	Screen (0) actual frame rate measured at 59.91Hz
9.4820 	EXP 	window1: recordFrameIntervals = False
12.4348 	INFO 	keyboard.Keyboard is using iohub backend.
12.5338 	EXP 	Created text_1 = TextStim(__class__=<class 'psychopy.visual.text.TextStim'>, alignHoriz=method-wrapper(...), alignText='center', alignVert=method-wrapper(...), anchorHoriz='center', anchorVert='center', antialias=True, autoDraw=False, autoLog=True, bold=False, color=array([-1., -1., -1.]), colorSpace='rgb', contrast=1.0, depth=0.0, flipHoriz=False, flipVert=False, font='Open Sans', fontFiles=[], height=0.035, italic=False, languageStyle='LTR', name='text_1', opacity=1.0, ori=0.0, pos=array([0.  , 0.25]), rgb=UNKNOWN, text=str(...), units='height', win=Window(...), wrapWidth=1)
12.5338 	INFO 	keyboard.Keyboard is using iohub backend.
12.5924 	EXP 	Created ins1_image = ImageStim(__class__=<class 'psychopy.visual.image.ImageStim'>, anchor=('center', 'center'), autoLog=True, color=array([1., 1., 1.]), colorSpace='rgb', contrast=1.0, depth=-2.0, flipHoriz=False, flipVert=False, image='stimuli/instruction_image.png', interpolate=True, mask=None, maskParams=None, name='ins1_image', opacity=1.0, ori=0.0, pos=array([ 0.  , -0.25]), size=array([0.5, 0.3]), texRes=128.0, units='height', win=Window(...))
12.6279 	EXP 	Created text_2 = TextStim(__class__=<class 'psychopy.visual.text.TextStim'>, alignHoriz=method-wrapper(...), alignText='center', alignVert=method-wrapper(...), anchorHoriz='center', anchorVert='center', antialias=True, autoDraw=False, autoLog=True, bold=False, color=array([-1., -1., -1.]), colorSpace='rgb', contrast=1.0, depth=0.0, flipHoriz=False, flipVert=False, font='Open Sans', fontFiles=[], height=0.05, italic=False, languageStyle='LTR', name='text_2', opacity=1.0, ori=0.0, pos=array([0., 0.]), rgb=UNKNOWN, text=str(...), units='height', win=Window(...), wrapWidth=1)
12.6280 	INFO 	keyboard.Keyboard is using iohub backend.
12.6522 	EXP 	Created text_3 = TextStim(__class__=<class 'psychopy.visual.text.TextStim'>, alignHoriz=method-wrapper(...), alignText='center', alignVert=method-wrapper(...), anchorHoriz='center', anchorVert='center', antialias=True, autoDraw=False, autoLog=True, bold=False, color=array([-1., -1., -1.]), colorSpace='rgb', contrast=1.0, depth=0.0, flipHoriz=False, flipVert=False, font='Open Sans', fontFiles=[], height=0.05, italic=False, languageStyle='LTR', name='text_3', opacity=1.0, ori=0.0, pos=array([0., 0.]), rgb=UNKNOWN, text=str(...), units='height', win=Window(...), wrapWidth=1)
12.6523 	INFO 	keyboard.Keyboard is using iohub backend.
12.6547 	EXP 	Created pond_label_2 = TextStim(__class__=<class 'psychopy.visual.text.TextStim'>, alignHoriz=method-wrapper(...), alignText='center', alignVert=method-wrapper(...), anchorHoriz='center', anchorVert='center', antialias=True, autoDraw=False, autoLog=True, bold=False, color=array([-1., -1., -1.]), colorSpace='rgb', contrast=1.0, depth=-1.0, flipHoriz=False, flipVert=False, font='Open Sans', fontFiles=[], height=0.1, italic=False, languageStyle='LTR', name='pond_label_2', opacity=1.0, ori=0.0, pos=array([ 0. , -0.1]), rgb=UNKNOWN, text='', units='height', win=Window(...), wrapWidth=1)
12.7146 	EXP 	Created jars_2 = ImageStim(__class__=<class 'psychopy.visual.image.ImageStim'>, anchor=('center', 'center'), autoLog=True, color=array([1., 1., 1.]), colorSpace='rgb', contrast=1.0, depth=-2.0, flipHoriz=False, flipVert=False, image='stimuli/jars.PNG', interpolate=False, mask=None, maskParams=None, name='jars_2', opacity=1.0, ori=0.0, pos=array([0.  , 0.25]), size=array([1. , 0.5]), texRes=128.0, units='height', win=Window(...))
12.7344 	EXP 	Created arrow_2 = ImageStim(__class__=<class 'psychopy.visual.image.ImageStim'>, anchor=('center', 'center'), autoLog=True, color=array([1., 1., 1.]), colorSpace='rgb', contrast=1.0, depth=-3.0, flipHoriz=False, flipVert=False, image='stimuli/arrow.png', interpolate=True, mask=None, maskParams=None, name='arrow_2', opacity=1.0, ori=0.0, pos=array([ 0.5, -0.3]), size=array([0.2, 0.2]), texRes=128.0, units='height', win=Window(...))
12.7576 	EXP 	Created boy_2 = ImageStim(__class__=<class 'psychopy.visual.image.ImageStim'>, anchor=('center', 'center'), autoLog=True, color=array([1., 1., 1.]), colorSpace='rgb', contrast=1.0, depth=-4.0, flipHoriz=False, flipVert=False, image='stimuli/clear-jar.PNG', interpolate=True, mask=None, maskParams=None, name='boy_2', opacity=1.0, ori=0.0, pos=array([ 0.75, -0.3 ]), size=array([0.2, 0.2]), texRes=128.0, units='height', win=Window(...))
12.7775 	EXP 	Created F1_2 = ImageStim(__class__=<class 'psychopy.visual.image.ImageStim'>, anchor=('center', 'center'), autoLog=True, color=array([1., 1., 1.]), colorSpace='rgb', contrast=1.0, depth=-5.0, flipHoriz=False, flipVert=False, image='default.png', interpolate=True, mask=None, maskParams=None, name='F1_2', opacity=1.0, ori=0.0, pos=array([ 0.2, -0.3]), size=array([0.15, 0.15]), texRes=128.0, units='height', win=Window(...))
12.7964 	EXP 	Created F2_2 = ImageStim(__class__=<class 'psychopy.visual.image.ImageStim'>, anchor=('center', 'center'), autoLog=True, color=array([1., 1., 1.]), colorSpace='rgb', contrast=1.0, depth=-6.0, flipHoriz=False, flipVert=False, image='default.png', interpolate=True, mask=None, maskParams=None, name='F2_2', opacity=1.0, ori=0.0, pos=array([ 0. , -0.3]), size=array([0.15, 0.15]), texRes=128.0, units='height', win=Window(...))
12.8147 	EXP 	Created F3_2 = ImageStim(__class__=<class 'psychopy.visual.image.ImageStim'>, anchor=('center', 'center'), autoLog=True, color=array([1., 1., 1.]), colorSpace='rgb', contrast=1.0, depth=-7.0, flipHoriz=False, flipVert=False, image='default.png', interpolate=True, mask=None, maskParams=None, name='F3_2', opacity=1.0, ori=0.0, pos=array([-0.2, -0.3]), size=array([0.15, 0.15]), texRes=128.0, units='height', win=Window(...))
12.8326 	EXP 	Created F4_2 = ImageStim(__class__=<class 'psychopy.visual.image.ImageStim'>, anchor=('center', 'center'), autoLog=True, color=array([1., 1., 1.]), colorSpace='rgb', contrast=1.0, depth=-8.0, flipHoriz=False, flipVert=False, image='default.png', interpolate=True, mask=None, maskParams=None, name='F4_2', opacity=1.0, ori=0.0, pos=array([-0.4, -0.3]), size=array([0.15, 0.15]), texRes=128.0, units='height', win=Window(...))
12.8506 	EXP 	Created F5_2 = ImageStim(__class__=<class 'psychopy.visual.image.ImageStim'>, anchor=('center', 'center'), autoLog=True, color=array([1., 1., 1.]), colorSpace='rgb', contrast=1.0, depth=-9.0, flipHoriz=False, flipVert=False, image='default.png', interpolate=True, mask=None, maskParams=None, name='F5_2', opacity=1.0, ori=0.0, pos=array([-0.6, -0.3]), size=array([0.15, 0.15]), texRes=128.0, units='height', win=Window(...))
12.8555 	EXP 	Created box_outline_2 = Rect(__class__=<class 'psychopy.visual.rect.Rect'>, anchor=('center', 'center'), autoDraw=False, autoLog=True, closeShape=True, color=method-wrapper(...), colorSpace='rgb', contrast=None, depth=-10.0, fillColor=array([0, 0, 0]), fillColorSpace='rgb', fillRGB=array([0, 0, 0]), interpolate=True, lineColor=array([-1., -1., -1.]), lineColorSpace='rgb', lineRGB=array([-1, -1, -1]), lineWidth=5.0, name='box_outline_2', opacity=0.5, ori=0.0, pos=array([ 0.2, -0.3]), size=array([0.2, 0.2]), units='height', vertices=ndarray(...), win=Window(...))
12.8580 	EXP 	Created box_show_2 = Rect(__class__=<class 'psychopy.visual.rect.Rect'>, anchor=('center', 'center'), autoDraw=False, autoLog=True, closeShape=True, color=method-wrapper(...), colorSpace='rgb', contrast=None, depth=-11.0, fillColor=array([-1, -1, -1]), fillColorSpace='rgb', fillRGB=array([-1, -1, -1]), interpolate=True, lineColor=array([-1., -1., -1.]), lineColorSpace='rgb', lineRGB=array([-1, -1, -1]), lineWidth=5.0, name='box_show_2', opacity=1.0, ori=0.0, pos=array([ 0.2, -0.3]), size=array([0.2, 0.2]), units='height', vertices=ndarray(...), win=Window(...))
12.8581 	INFO 	keyboard.Keyboard is using iohub backend.
12.8596 	EXP 	Created pond_label2_2 = TextStim(__class__=<class 'psychopy.visual.text.TextStim'>, alignHoriz=method-wrapper(...), alignText='center', alignVert=method-wrapper(...), anchorHoriz='center', anchorVert='center', antialias=True, autoDraw=False, autoLog=True, bold=False, color=array([-1., -1., -1.]), colorSpace='rgb', contrast=1.0, depth=-1.0, flipHoriz=False, flipVert=False, font='Open Sans', fontFiles=[], height=0.1, italic=False, languageStyle='LTR', name='pond_label2_2', opacity=1.0, ori=0.0, pos=array([ 0. , -0.1]), rgb=UNKNOWN, text='', units='height', win=Window(...), wrapWidth=1)
12.9154 	EXP 	Created jars2_2 = ImageStim(__class__=<class 'psychopy.visual.image.ImageStim'>, anchor=('center', 'center'), autoLog=True, color=array([1., 1., 1.]), colorSpace='rgb', contrast=1.0, depth=-2.0, flipHoriz=False, flipVert=False, image='stimuli/jars.PNG', interpolate=False, mask=None, maskParams=None, name='jars2_2', opacity=1.0, ori=0.0, pos=array([0.  , 0.25]), size=array([1. , 0.5]), texRes=128.0, units='height', win=Window(...))
12.9334 	EXP 	Created arrow2_2 = ImageStim(__class__=<class 'psychopy.visual.image.ImageStim'>, anchor=('center', 'center'), autoLog=True, color=array([1., 1., 1.]), colorSpace='rgb', contrast=1.0, depth=-3.0, flipHoriz=False, flipVert=False, image='stimuli/arrow.png', interpolate=True, mask=None, maskParams=None, name='arrow2_2', opacity=1.0, ori=0.0, pos=array([ 0.5, -0.3]), size=array([0.2, 0.2]), texRes=128.0, units='height', win=Window(...))
12.9539 	EXP 	Created boy2_2 = ImageStim(__class__=<class 'psychopy.visual.image.ImageStim'>, anchor=('center', 'center'), autoLog=True, color=array([1., 1., 1.]), colorSpace='rgb', contrast=1.0, depth=-4.0, flipHoriz=False, flipVert=False, image='stimuli/clear-jar.PNG', interpolate=True, mask=None, maskParams=None, name='boy2_2', opacity=1.0, ori=0.0, pos=array([ 0.75, -0.3 ]), size=array([0.2, 0.2]), texRes=128.0, units='height', win=Window(...))
12.9717 	EXP 	Created f1_2 = ImageStim(__class__=<class 'psychopy.visual.image.ImageStim'>, anchor=('center', 'center'), autoLog=True, color=array([1., 1., 1.]), colorSpace='rgb', contrast=1.0, depth=-5.0, flipHoriz=False, flipVert=False, image='default.png', interpolate=True, mask=None, maskParams=None, name='f1_2', opacity=1.0, ori=0.0, pos=array([ 0.2, -0.3]), size=array([0.15, 0.15]), texRes=128.0, units='height', win=Window(...))
12.9894 	EXP 	Created f2_2 = ImageStim(__class__=<class 'psychopy.visual.image.ImageStim'>, anchor=('center', 'center'), autoLog=True, color=array([1., 1., 1.]), colorSpace='rgb', contrast=1.0, depth=-6.0, flipHoriz=False, flipVert=False, image='default.png', interpolate=True, mask=None, maskParams=None, name='f2_2', opacity=1.0, ori=0.0, pos=array([ 0. , -0.3]), size=array([0.15, 0.15]), texRes=128.0, units='height', win=Window(...))
13.0079 	EXP 	Created f3_2 = ImageStim(__class__=<class 'psychopy.visual.image.ImageStim'>, anchor=('center', 'center'), autoLog=True, color=array([1., 1., 1.]), colorSpace='rgb', contrast=1.0, depth=-7.0, flipHoriz=False, flipVert=False, image='default.png', interpolate=True, mask=None, maskParams=None, name='f3_2', opacity=1.0, ori=0.0, pos=array([-0.2, -0.3]), size=array([0.15, 0.15]), texRes=128.0, units='height', win=Window(...))
13.0256 	EXP 	Created f4_2 = ImageStim(__class__=<class 'psychopy.visual.image.ImageStim'>, anchor=('center', 'center'), autoLog=True, color=array([1., 1., 1.]), colorSpace='rgb', contrast=1.0, depth=-8.0, flipHoriz=False, flipVert=False, image='default.png', interpolate=True, mask=None, maskParams=None, name='f4_2', opacity=1.0, ori=0.0, pos=array([-0.4, -0.3]), size=array([0.15, 0.15]), texRes=128.0, units='height', win=Window(...))
13.0438 	EXP 	Created f5_2 = ImageStim(__class__=<class 'psychopy.visual.image.ImageStim'>, anchor=('center', 'center'), autoLog=True, color=array([1., 1., 1.]), colorSpace='rgb', contrast=1.0, depth=-9.0, flipHoriz=False, flipVert=False, image='default.png', interpolate=True, mask=None, maskParams=None, name='f5_2', opacity=1.0, ori=0.0, pos=array([-0.6, -0.3]), size=array([0.15, 0.15]), texRes=128.0, units='height', win=Window(...))
13.0464 	EXP 	Created boxB_2 = Rect(__class__=<class 'psychopy.visual.rect.Rect'>, anchor=('center', 'center'), autoDraw=False, autoLog=True, closeShape=True, color=method-wrapper(...), colorSpace='rgb', contrast=None, depth=-10.0, fillColor=array([0, 0, 0]), fillColorSpace='rgb', fillRGB=array([0, 0, 0]), interpolate=True, lineColor=array([0., 0., 0.]), lineColorSpace='rgb', lineRGB=array([0, 0, 0]), lineWidth=5.0, name='boxB_2', opacity=0.0, ori=0.0, pos=array([-0.32,  0.25]), size=array([0.3 , 0.45]), units='height', vertices=ndarray(...), win=Window(...))
13.0490 	EXP 	Created boxY_2 = Rect(__class__=<class 'psychopy.visual.rect.Rect'>, anchor=('center', 'center'), autoDraw=False, autoLog=True, closeShape=True, color=method-wrapper(...), colorSpace='rgb', contrast=None, depth=-11.0, fillColor=array([0, 0, 0]), fillColorSpace='rgb', fillRGB=array([0, 0, 0]), interpolate=True, lineColor=array([0., 0., 0.]), lineColorSpace='rgb', lineRGB=array([0, 0, 0]), lineWidth=5.0, name='boxY_2', opacity=0.0, ori=0.0, pos=array([0.  , 0.25]), size=array([0.3 , 0.45]), units='height', vertices=ndarray(...), win=Window(...))
13.0516 	EXP 	Created boxG_2 = Rect(__class__=<class 'psychopy.visual.rect.Rect'>, anchor=('center', 'center'), autoDraw=False, autoLog=True, closeShape=True, color=method-wrapper(...), colorSpace='rgb', contrast=None, depth=-12.0, fillColor=array([0, 0, 0]), fillColorSpace='rgb', fillRGB=array([0, 0, 0]), interpolate=True, lineColor=array([0., 0., 0.]), lineColorSpace='rgb', lineRGB=array([0, 0, 0]), lineWidth=5.0, name='boxG_2', opacity=0.0, ori=0.0, pos=array([0.32, 0.25]), size=array([0.3 , 0.45]), units='height', vertices=ndarray(...), win=Window(...))
13.0541 	EXP 	Created box_outline2_2 = Rect(__class__=<class 'psychopy.visual.rect.Rect'>, anchor=('center', 'center'), autoDraw=False, autoLog=True, closeShape=True, color=method-wrapper(...), colorSpace='rgb', contrast=None, depth=-13.0, fillColor=array([-1, -1, -1]), fillColorSpace='rgb', fillRGB=array([-1, -1, -1]), interpolate=True, lineColor=array([-1., -1., -1.]), lineColorSpace='rgb', lineRGB=array([-1, -1, -1]), lineWidth=5.0, name='box_outline2_2', opacity=1.0, ori=0.0, pos=array([ 0.2, -0.3]), size=array([0.2, 0.2]), units='height', vertices=ndarray(...), win=Window(...))
13.0938 	EXP 	Created Begin_txt = TextStim(__class__=<class 'psychopy.visual.text.TextStim'>, alignHoriz=method-wrapper(...), alignText='center', alignVert=method-wrapper(...), anchorHoriz='center', anchorVert='center', antialias=True, autoDraw=False, autoLog=True, bold=False, color=array([-1., -1., -1.]), colorSpace='rgb', contrast=1.0, depth=0.0, flipHoriz=False, flipVert=False, font='Open Sans', fontFiles=[], height=0.07, italic=False, languageStyle='LTR', name='Begin_txt', opacity=1.0, ori=0.0, pos=array([0., 0.]), rgb=UNKNOWN, text=str(...), units='height', win=Window(...), wrapWidth=1)
13.0938 	INFO 	keyboard.Keyboard is using iohub backend.
13.0955 	EXP 	Created pond_label = TextStim(__class__=<class 'psychopy.visual.text.TextStim'>, alignHoriz=method-wrapper(...), alignText='center', alignVert=method-wrapper(...), anchorHoriz='center', anchorVert='center', antialias=True, autoDraw=False, autoLog=True, bold=False, color=array([-1., -1., -1.]), colorSpace='rgb', contrast=1.0, depth=-1.0, flipHoriz=False, flipVert=False, font='Open Sans', fontFiles=[], height=0.1, italic=False, languageStyle='LTR', name='pond_label', opacity=1.0, ori=0.0, pos=array([ 0. , -0.1]), rgb=UNKNOWN, text='', units='height', win=Window(...), wrapWidth=1)
13.1654 	EXP 	Created jars = ImageStim(__class__=<class 'psychopy.visual.image.ImageStim'>, anchor=('center', 'center'), autoLog=True, color=array([1., 1., 1.]), colorSpace='rgb', contrast=1.0, depth=-2.0, flipHoriz=False, flipVert=False, image='stimuli/jars.PNG', interpolate=False, mask=None, maskParams=None, name='jars', opacity=1.0, ori=0.0, pos=array([0.  , 0.25]), size=array([1. , 0.5]), texRes=128.0, units='height', win=Window(...))
13.1920 	EXP 	Created arrow = ImageStim(__class__=<class 'psychopy.visual.image.ImageStim'>, anchor=('center', 'center'), autoLog=True, color=array([1., 1., 1.]), colorSpace='rgb', contrast=1.0, depth=-3.0, flipHoriz=False, flipVert=False, image='stimuli/arrow.png', interpolate=True, mask=None, maskParams=None, name='arrow', opacity=1.0, ori=0.0, pos=array([ 0.5, -0.3]), size=array([0.2, 0.2]), texRes=128.0, units='height', win=Window(...))
13.2239 	EXP 	Created boy = ImageStim(__class__=<class 'psychopy.visual.image.ImageStim'>, anchor=('center', 'center'), autoLog=True, color=array([1., 1., 1.]), colorSpace='rgb', contrast=1.0, depth=-4.0, flipHoriz=False, flipVert=False, image='stimuli/clear-jar.PNG', interpolate=True, mask=None, maskParams=None, name='boy', opacity=1.0, ori=0.0, pos=array([ 0.75, -0.3 ]), size=array([0.2, 0.2]), texRes=128.0, units='height', win=Window(...))
13.2422 	EXP 	Created F1 = ImageStim(__class__=<class 'psychopy.visual.image.ImageStim'>, anchor=('center', 'center'), autoLog=True, color=array([1., 1., 1.]), colorSpace='rgb', contrast=1.0, depth=-5.0, flipHoriz=False, flipVert=False, image='default.png', interpolate=True, mask=None, maskParams=None, name='F1', opacity=1.0, ori=0.0, pos=array([ 0.2, -0.3]), size=array([0.15, 0.15]), texRes=128.0, units='height', win=Window(...))
13.2600 	EXP 	Created F2 = ImageStim(__class__=<class 'psychopy.visual.image.ImageStim'>, anchor=('center', 'center'), autoLog=True, color=array([1., 1., 1.]), colorSpace='rgb', contrast=1.0, depth=-6.0, flipHoriz=False, flipVert=False, image='default.png', interpolate=True, mask=None, maskParams=None, name='F2', opacity=1.0, ori=0.0, pos=array([ 0. , -0.3]), size=array([0.15, 0.15]), texRes=128.0, units='height', win=Window(...))
13.2778 	EXP 	Created F3 = ImageStim(__class__=<class 'psychopy.visual.image.ImageStim'>, anchor=('center', 'center'), autoLog=True, color=array([1., 1., 1.]), colorSpace='rgb', contrast=1.0, depth=-7.0, flipHoriz=False, flipVert=False, image='default.png', interpolate=True, mask=None, maskParams=None, name='F3', opacity=1.0, ori=0.0, pos=array([-0.2, -0.3]), size=array([0.15, 0.15]), texRes=128.0, units='height', win=Window(...))
13.2964 	EXP 	Created F4 = ImageStim(__class__=<class 'psychopy.visual.image.ImageStim'>, anchor=('center', 'center'), autoLog=True, color=array([1., 1., 1.]), colorSpace='rgb', contrast=1.0, depth=-8.0, flipHoriz=False, flipVert=False, image='default.png', interpolate=True, mask=None, maskParams=None, name='F4', opacity=1.0, ori=0.0, pos=array([-0.4, -0.3]), size=array([0.15, 0.15]), texRes=128.0, units='height', win=Window(...))
13.3143 	EXP 	Created F5 = ImageStim(__class__=<class 'psychopy.visual.image.ImageStim'>, anchor=('center', 'center'), autoLog=True, color=array([1., 1., 1.]), colorSpace='rgb', contrast=1.0, depth=-9.0, flipHoriz=False, flipVert=False, image='default.png', interpolate=True, mask=None, maskParams=None, name='F5', opacity=1.0, ori=0.0, pos=array([-0.6, -0.3]), size=array([0.15, 0.15]), texRes=128.0, units='height', win=Window(...))
13.3167 	EXP 	Created box_outline = Rect(__class__=<class 'psychopy.visual.rect.Rect'>, anchor=('center', 'center'), autoDraw=False, autoLog=True, closeShape=True, color=method-wrapper(...), colorSpace='rgb', contrast=None, depth=-10.0, fillColor=array([0, 0, 0]), fillColorSpace='rgb', fillRGB=array([0, 0, 0]), interpolate=True, lineColor=array([-1., -1., -1.]), lineColorSpace='rgb', lineRGB=array([-1, -1, -1]), lineWidth=5.0, name='box_outline', opacity=0.5, ori=0.0, pos=array([ 0.2, -0.3]), size=array([0.2, 0.2]), units='height', vertices=ndarray(...), win=Window(...))
13.3189 	EXP 	Created box_show = Rect(__class__=<class 'psychopy.visual.rect.Rect'>, anchor=('center', 'center'), autoDraw=False, autoLog=True, closeShape=True, color=method-wrapper(...), colorSpace='rgb', contrast=None, depth=-11.0, fillColor=array([-1, -1, -1]), fillColorSpace='rgb', fillRGB=array([-1, -1, -1]), interpolate=True, lineColor=array([-1., -1., -1.]), lineColorSpace='rgb', lineRGB=array([-1, -1, -1]), lineWidth=5.0, name='box_show', opacity=1.0, ori=0.0, pos=array([ 0.2, -0.3]), size=array([0.2, 0.2]), units='height', vertices=ndarray(...), win=Window(...))
13.3189 	INFO 	keyboard.Keyboard is using iohub backend.
13.3750 	EXP 	Created jars2 = ImageStim(__class__=<class 'psychopy.visual.image.ImageStim'>, anchor=('center', 'center'), autoLog=True, color=array([1., 1., 1.]), colorSpace='rgb', contrast=1.0, depth=-1.0, flipHoriz=False, flipVert=False, image='stimuli/jars.PNG', interpolate=False, mask=None, maskParams=None, name='jars2', opacity=1.0, ori=0.0, pos=array([0.  , 0.25]), size=array([1. , 0.5]), texRes=128.0, units='height', win=Window(...))
13.3953 	EXP 	Created arrow2 = ImageStim(__class__=<class 'psychopy.visual.image.ImageStim'>, anchor=('center', 'center'), autoLog=True, color=array([1., 1., 1.]), colorSpace='rgb', contrast=1.0, depth=-2.0, flipHoriz=False, flipVert=False, image='stimuli/arrow.png', interpolate=True, mask=None, maskParams=None, name='arrow2', opacity=1.0, ori=0.0, pos=array([ 0.5, -0.3]), size=array([0.2, 0.2]), texRes=128.0, units='height', win=Window(...))
13.4192 	EXP 	Created boy2 = ImageStim(__class__=<class 'psychopy.visual.image.ImageStim'>, anchor=('center', 'center'), autoLog=True, color=array([1., 1., 1.]), colorSpace='rgb', contrast=1.0, depth=-3.0, flipHoriz=False, flipVert=False, image='stimuli/clear-jar.PNG', interpolate=True, mask=None, maskParams=None, name='boy2', opacity=1.0, ori=0.0, pos=array([ 0.75, -0.3 ]), size=array([0.2, 0.2]), texRes=128.0, units='height', win=Window(...))
13.4393 	EXP 	Created f1 = ImageStim(__class__=<class 'psychopy.visual.image.ImageStim'>, anchor=('center', 'center'), autoLog=True, color=array([1., 1., 1.]), colorSpace='rgb', contrast=1.0, depth=-4.0, flipHoriz=False, flipVert=False, image='default.png', interpolate=True, mask=None, maskParams=None, name='f1', opacity=1.0, ori=0.0, pos=array([ 0.2, -0.3]), size=array([0.15, 0.15]), texRes=128.0, units='height', win=Window(...))
13.4583 	EXP 	Created f2 = ImageStim(__class__=<class 'psychopy.visual.image.ImageStim'>, anchor=('center', 'center'), autoLog=True, color=array([1., 1., 1.]), colorSpace='rgb', contrast=1.0, depth=-5.0, flipHoriz=False, flipVert=False, image='default.png', interpolate=True, mask=None, maskParams=None, name='f2', opacity=1.0, ori=0.0, pos=array([ 0. , -0.3]), size=array([0.15, 0.15]), texRes=128.0, units='height', win=Window(...))
13.4802 	EXP 	Created f3 = ImageStim(__class__=<class 'psychopy.visual.image.ImageStim'>, anchor=('center', 'center'), autoLog=True, color=array([1., 1., 1.]), colorSpace='rgb', contrast=1.0, depth=-6.0, flipHoriz=False, flipVert=False, image='default.png', interpolate=True, mask=None, maskParams=None, name='f3', opacity=1.0, ori=0.0, pos=array([-0.2, -0.3]), size=array([0.15, 0.15]), texRes=128.0, units='height', win=Window(...))
13.5008 	EXP 	Created f4 = ImageStim(__class__=<class 'psychopy.visual.image.ImageStim'>, anchor=('center', 'center'), autoLog=True, color=array([1., 1., 1.]), colorSpace='rgb', contrast=1.0, depth=-7.0, flipHoriz=False, flipVert=False, image='default.png', interpolate=True, mask=None, maskParams=None, name='f4', opacity=1.0, ori=0.0, pos=array([-0.4, -0.3]), size=array([0.15, 0.15]), texRes=128.0, units='height', win=Window(...))
13.5240 	EXP 	Created f5 = ImageStim(__class__=<class 'psychopy.visual.image.ImageStim'>, anchor=('center', 'center'), autoLog=True, color=array([1., 1., 1.]), colorSpace='rgb', contrast=1.0, depth=-8.0, flipHoriz=False, flipVert=False, image='default.png', interpolate=True, mask=None, maskParams=None, name='f5', opacity=1.0, ori=0.0, pos=array([-0.6, -0.3]), size=array([0.15, 0.15]), texRes=128.0, units='height', win=Window(...))
13.5264 	EXP 	Created boxB = Rect(__class__=<class 'psychopy.visual.rect.Rect'>, anchor=('center', 'center'), autoDraw=False, autoLog=True, closeShape=True, color=method-wrapper(...), colorSpace='rgb', contrast=None, depth=-9.0, fillColor=array([0, 0, 0]), fillColorSpace='rgb', fillRGB=array([0, 0, 0]), interpolate=True, lineColor=array([0., 0., 0.]), lineColorSpace='rgb', lineRGB=array([0, 0, 0]), lineWidth=5.0, name='boxB', opacity=0.0, ori=0.0, pos=array([-0.32,  0.25]), size=array([0.3 , 0.45]), units='height', vertices=ndarray(...), win=Window(...))
13.5290 	EXP 	Created boxY = Rect(__class__=<class 'psychopy.visual.rect.Rect'>, anchor=('center', 'center'), autoDraw=False, autoLog=True, closeShape=True, color=method-wrapper(...), colorSpace='rgb', contrast=None, depth=-10.0, fillColor=array([0, 0, 0]), fillColorSpace='rgb', fillRGB=array([0, 0, 0]), interpolate=True, lineColor=array([0., 0., 0.]), lineColorSpace='rgb', lineRGB=array([0, 0, 0]), lineWidth=5.0, name='boxY', opacity=0.0, ori=0.0, pos=array([0.  , 0.25]), size=array([0.3 , 0.45]), units='height', vertices=ndarray(...), win=Window(...))
13.5320 	EXP 	Created boxG = Rect(__class__=<class 'psychopy.visual.rect.Rect'>, anchor=('center', 'center'), autoDraw=False, autoLog=True, closeShape=True, color=method-wrapper(...), colorSpace='rgb', contrast=None, depth=-11.0, fillColor=array([0, 0, 0]), fillColorSpace='rgb', fillRGB=array([0, 0, 0]), interpolate=True, lineColor=array([0., 0., 0.]), lineColorSpace='rgb', lineRGB=array([0, 0, 0]), lineWidth=5.0, name='boxG', opacity=0.0, ori=0.0, pos=array([0.32, 0.25]), size=array([0.3 , 0.45]), units='height', vertices=ndarray(...), win=Window(...))
13.5344 	EXP 	Created box_outline2 = Rect(__class__=<class 'psychopy.visual.rect.Rect'>, anchor=('center', 'center'), autoDraw=False, autoLog=True, closeShape=True, color=method-wrapper(...), colorSpace='rgb', contrast=None, depth=-12.0, fillColor=array([-1, -1, -1]), fillColorSpace='rgb', fillRGB=array([-1, -1, -1]), interpolate=True, lineColor=array([-1., -1., -1.]), lineColorSpace='rgb', lineRGB=array([-1, -1, -1]), lineWidth=5.0, name='box_outline2', opacity=1.0, ori=0.0, pos=array([ 0.2, -0.3]), size=array([0.2, 0.2]), units='height', vertices=ndarray(...), win=Window(...))
13.5417 	EXP 	Created breakStart_txt = TextStim(__class__=<class 'psychopy.visual.text.TextStim'>, alignHoriz=method-wrapper(...), alignText='center', alignVert=method-wrapper(...), anchorHoriz='center', anchorVert='center', antialias=True, autoDraw=False, autoLog=True, bold=False, color=array([-1., -1., -1.]), colorSpace='rgb', contrast=1.0, depth=-1.0, flipHoriz=False, flipVert=False, font='Open Sans', fontFiles=[], height=0.07, italic=False, languageStyle='LTR', name='breakStart_txt', opacity=1.0, ori=0.0, pos=array([0., 0.]), rgb=UNKNOWN, text='End of the day.\n\nNew day starts soon.', units='height', win=Window(...), wrapWidth=1)
13.5533 	EXP 	Created reward_txt = TextStim(__class__=<class 'psychopy.visual.text.TextStim'>, alignHoriz=method-wrapper(...), alignText='center', alignVert=method-wrapper(...), anchorHoriz='center', anchorVert='center', antialias=True, autoDraw=False, autoLog=True, bold=False, color=array([-1., -1., -1.]), colorSpace='rgb', contrast=1.0, depth=0.0, flipHoriz=False, flipVert=False, font='Open Sans', fontFiles=[], height=0.07, italic=False, languageStyle='LTR', name='reward_txt', opacity=1.0, ori=0.0, pos=array([0., 0.]), rgb=UNKNOWN, text='Thank you!', units='height', win=Window(...), wrapWidth=1)
13.5784 	INFO 	Keyboard events cleared
13.5775 	EXP 	text_1: autoDraw = True
13.5775 	EXP 	ins1_image: autoDraw = True
28.9433 	DATA 	Keypress: escape
28.9493 	INFO 	Keyboard events cleared
28.9489 	EXP 	text_1: autoDraw = False
28.9489 	EXP 	ins1_image: autoDraw = False
28.9489 	EXP 	text_2: autoDraw = True
34.6865 	DATA 	Keypress: escape
34.6960 	INFO 	Keyboard events cleared
34.6956 	EXP 	text_2: autoDraw = False
34.6956 	EXP 	text_3: autoDraw = True
35.5079 	DEBUG 	Read excel file with openpyxl: 1condition/practice.xlsx
35.5125 	EXP 	Imported 1condition/practice.xlsx as conditions, 20 conditions, 9 params
35.5134 	EXP 	Created sequence: sequential, trialTypes=20, nReps=1, seed=None
35.5139 	EXP 	New trial (rep=0, index=0): {'trial': 1, 'fish1_p': 'stimuli/bead_y.PNG', 'fish2_p': 'stimuli/blank.JPG', 'fish3_p': 'stimuli/blank.JPG', 'fish4_p': 'stimuli/blank.JPG', 'fish5_p': 'stimuli/blank.JPG', 'pond_p': 1, 'pond_p2': 2, 'pond_p3': 'up'}
35.5610 	DATA 	Keypress: escape
35.5739 	EXP 	text_3: autoDraw = False
35.5739 	EXP 	F1_2: image = 'stimuli/bead_y.PNG'
35.5739 	EXP 	F2_2: image = 'stimuli/blank.JPG'
35.5739 	EXP 	F3_2: image = 'stimuli/blank.JPG'
35.5739 	EXP 	F4_2: image = 'stimuli/blank.JPG'
35.5739 	EXP 	F5_2: image = 'stimuli/blank.JPG'
35.5739 	EXP 	pond_label_2: autoDraw = True
35.5739 	EXP 	jars_2: autoDraw = True
35.5739 	EXP 	arrow_2: autoDraw = True
35.5739 	EXP 	boy_2: autoDraw = True
35.5739 	EXP 	F2_2: autoDraw = True
35.5739 	EXP 	F3_2: autoDraw = True
35.5739 	EXP 	F4_2: autoDraw = True
35.5739 	EXP 	F5_2: autoDraw = True
35.5739 	EXP 	box_outline_2: autoDraw = True
35.5739 	EXP 	box_show_2: autoDraw = True
36.1984 	EXP 	window1: mouseVisible = True
36.1985 	DEBUG 	Saving data for FishGame ExperimentHandler
36.1997 	INFO 	saved data to /Users/janet/Desktop/Sinai_Projects/Code/fish-task-6B20T/data/99_FishGame_2023-07-24_10h45.18.008.psydat
36.2006 	INFO 	saved data to '/Users/janet/Desktop/Sinai_Projects/Code/fish-task-6B20T/data/99_FishGame_2023-07-24_10h45.18.008.csv'
